{"/Users/llovky/Documents/llovky/scope/cro-demo/src/app.tsx": {"path":"/Users/llovky/Documents/llovky/scope/cro-demo/src/app.tsx","all":true,"statementMap":{"1":{"start":{"line":2,"column":0},"end":{"line":2,"column":45}},"2":{"start":{"line":3,"column":0},"end":{"line":3,"column":48}},"4":{"start":{"line":5,"column":0},"end":{"line":5,"column":29}},"6":{"start":{"line":7,"column":0},"end":{"line":7,"column":30}},"7":{"start":{"line":8,"column":0},"end":{"line":8,"column":59}},"8":{"start":{"line":9,"column":0},"end":{"line":9,"column":50}},"10":{"start":{"line":11,"column":0},"end":{"line":11,"column":48}},"11":{"start":{"line":12,"column":0},"end":{"line":12,"column":66}},"12":{"start":{"line":13,"column":0},"end":{"line":13,"column":34}},"14":{"start":{"line":15,"column":0},"end":{"line":15,"column":12}},"15":{"start":{"line":16,"column":0},"end":{"line":16,"column":17}},"16":{"start":{"line":17,"column":0},"end":{"line":17,"column":76}},"17":{"start":{"line":18,"column":0},"end":{"line":18,"column":18}},"18":{"start":{"line":19,"column":0},"end":{"line":19,"column":1}}},"s":{"1":0,"2":0,"4":0,"6":0,"7":0,"8":0,"10":0,"11":0,"12":0,"14":0,"15":0,"16":0,"17":0,"18":0},"branchMap":{"0":{"type":"branch","line":1,"loc":{"start":{"line":1,"column":483},"end":{"line":19,"column":-332}},"locations":[{"start":{"line":1,"column":483},"end":{"line":19,"column":-332}}]}},"b":{"0":[1]},"fnMap":{"0":{"name":"(empty-report)","decl":{"start":{"line":1,"column":483},"end":{"line":19,"column":-332}},"loc":{"start":{"line":1,"column":483},"end":{"line":19,"column":-332}},"line":1}},"f":{"0":1}}
,"/Users/llovky/Documents/llovky/scope/cro-demo/src/routes.tsx": {"path":"/Users/llovky/Documents/llovky/scope/cro-demo/src/routes.tsx","all":true,"statementMap":{"1":{"start":{"line":2,"column":0},"end":{"line":2,"column":44}},"2":{"start":{"line":3,"column":0},"end":{"line":3,"column":45}},"4":{"start":{"line":5,"column":0},"end":{"line":5,"column":35}},"5":{"start":{"line":6,"column":0},"end":{"line":6,"column":40}},"6":{"start":{"line":7,"column":0},"end":{"line":7,"column":15}},"7":{"start":{"line":8,"column":0},"end":{"line":8,"column":1}},"9":{"start":{"line":10,"column":0},"end":{"line":10,"column":28}}},"s":{"1":0,"2":0,"4":0,"5":0,"6":0,"7":0,"9":0},"branchMap":{"0":{"type":"branch","line":1,"loc":{"start":{"line":1,"column":242},"end":{"line":10,"column":28}},"locations":[{"start":{"line":1,"column":242},"end":{"line":10,"column":28}}]}},"b":{"0":[1]},"fnMap":{"0":{"name":"(empty-report)","decl":{"start":{"line":1,"column":242},"end":{"line":10,"column":28}},"loc":{"start":{"line":1,"column":242},"end":{"line":10,"column":28}},"line":1}},"f":{"0":1}}
,"/Users/llovky/Documents/llovky/scope/cro-demo/src/components/atom/index.ts": {"path":"/Users/llovky/Documents/llovky/scope/cro-demo/src/components/atom/index.ts","all":true,"statementMap":{},"s":{},"branchMap":{"0":{"type":"branch","line":1,"loc":{"start":{"line":1,"column":0},"end":{"line":1,"column":0}},"locations":[{"start":{"line":1,"column":0},"end":{"line":1,"column":0}}]}},"b":{"0":[1]},"fnMap":{"0":{"name":"(empty-report)","decl":{"start":{"line":1,"column":0},"end":{"line":1,"column":0}},"loc":{"start":{"line":1,"column":0},"end":{"line":1,"column":0}},"line":1}},"f":{"0":1}}
,"/Users/llovky/Documents/llovky/scope/cro-demo/src/components/organism/CoinCodeToName.tsx": {"path":"/Users/llovky/Documents/llovky/scope/cro-demo/src/components/organism/CoinCodeToName.tsx","all":false,"statementMap":{"0":{"start":{"line":1,"column":0},"end":{"line":1,"column":57}},"1":{"start":{"line":2,"column":0},"end":{"line":2,"column":35}},"2":{"start":{"line":3,"column":0},"end":{"line":3,"column":44}},"10":{"start":{"line":11,"column":0},"end":{"line":11,"column":56}},"12":{"start":{"line":13,"column":0},"end":{"line":13,"column":87}},"14":{"start":{"line":15,"column":0},"end":{"line":15,"column":42}},"15":{"start":{"line":16,"column":0},"end":{"line":16,"column":1}},"18":{"start":{"line":19,"column":0},"end":{"line":19,"column":35}}},"s":{"0":1,"1":1,"2":1,"10":1,"12":4,"14":4,"15":4,"18":1},"branchMap":{"0":{"type":"branch","line":11,"loc":{"start":{"line":11,"column":23},"end":{"line":16,"column":1}},"locations":[{"start":{"line":11,"column":23},"end":{"line":16,"column":1}}]},"1":{"type":"branch","line":15,"loc":{"start":{"line":15,"column":12},"end":{"line":15,"column":34}},"locations":[{"start":{"line":15,"column":12},"end":{"line":15,"column":34}}]},"2":{"type":"branch","line":15,"loc":{"start":{"line":15,"column":26},"end":{"line":15,"column":39}},"locations":[{"start":{"line":15,"column":26},"end":{"line":15,"column":39}}]},"3":{"type":"branch","line":13,"loc":{"start":{"line":13,"column":51},"end":{"line":13,"column":85}},"locations":[{"start":{"line":13,"column":51},"end":{"line":13,"column":85}}]}},"b":{"0":[4],"1":[2],"2":[2],"3":[4]},"fnMap":{"0":{"name":"CoinCodeToName","decl":{"start":{"line":11,"column":23},"end":{"line":16,"column":1}},"loc":{"start":{"line":11,"column":23},"end":{"line":16,"column":1}},"line":11}},"f":{"0":4}}
,"/Users/llovky/Documents/llovky/scope/cro-demo/src/components/organism/PrettyAmountCoin.tsx": {"path":"/Users/llovky/Documents/llovky/scope/cro-demo/src/components/organism/PrettyAmountCoin.tsx","all":false,"statementMap":{"0":{"start":{"line":1,"column":0},"end":{"line":1,"column":57}},"1":{"start":{"line":2,"column":0},"end":{"line":2,"column":51}},"2":{"start":{"line":3,"column":0},"end":{"line":3,"column":40}},"3":{"start":{"line":4,"column":0},"end":{"line":4,"column":50}},"4":{"start":{"line":5,"column":0},"end":{"line":5,"column":38}},"5":{"start":{"line":6,"column":0},"end":{"line":6,"column":44}},"16":{"start":{"line":17,"column":0},"end":{"line":17,"column":27}},"17":{"start":{"line":18,"column":0},"end":{"line":18,"column":7}},"18":{"start":{"line":19,"column":0},"end":{"line":19,"column":9}},"19":{"start":{"line":20,"column":0},"end":{"line":20,"column":20}},"20":{"start":{"line":21,"column":0},"end":{"line":21,"column":12}},"21":{"start":{"line":22,"column":0},"end":{"line":22,"column":4}},"26":{"start":{"line":27,"column":0},"end":{"line":27,"column":7}},"28":{"start":{"line":29,"column":0},"end":{"line":29,"column":89}},"30":{"start":{"line":31,"column":0},"end":{"line":31,"column":55}},"32":{"start":{"line":33,"column":0},"end":{"line":33,"column":34}},"33":{"start":{"line":34,"column":0},"end":{"line":34,"column":26}},"34":{"start":{"line":35,"column":0},"end":{"line":35,"column":16}},"35":{"start":{"line":36,"column":0},"end":{"line":36,"column":5}},"36":{"start":{"line":37,"column":0},"end":{"line":37,"column":39}},"37":{"start":{"line":38,"column":0},"end":{"line":38,"column":36}},"38":{"start":{"line":39,"column":0},"end":{"line":39,"column":16}},"39":{"start":{"line":40,"column":0},"end":{"line":40,"column":60}},"40":{"start":{"line":41,"column":0},"end":{"line":41,"column":8}},"41":{"start":{"line":42,"column":0},"end":{"line":42,"column":6}},"43":{"start":{"line":44,"column":0},"end":{"line":44,"column":71}},"44":{"start":{"line":45,"column":0},"end":{"line":45,"column":31}},"46":{"start":{"line":47,"column":0},"end":{"line":47,"column":24}},"47":{"start":{"line":48,"column":0},"end":{"line":48,"column":1}},"49":{"start":{"line":50,"column":0},"end":{"line":50,"column":31}}},"s":{"0":1,"1":1,"2":1,"3":1,"4":1,"5":1,"16":1,"17":7,"18":7,"19":7,"20":7,"21":7,"26":7,"28":7,"30":7,"32":7,"33":7,"34":3,"35":3,"36":4,"37":4,"38":4,"39":7,"40":7,"41":7,"43":7,"44":7,"46":7,"47":7,"49":1},"branchMap":{"0":{"type":"branch","line":17,"loc":{"start":{"line":17,"column":25},"end":{"line":48,"column":1}},"locations":[{"start":{"line":17,"column":25},"end":{"line":48,"column":1}}]},"1":{"type":"branch","line":29,"loc":{"start":{"line":29,"column":51},"end":{"line":29,"column":87}},"locations":[{"start":{"line":29,"column":51},"end":{"line":29,"column":87}}]},"2":{"type":"branch","line":33,"loc":{"start":{"line":33,"column":27},"end":{"line":45,"column":5}},"locations":[{"start":{"line":33,"column":27},"end":{"line":45,"column":5}}]},"3":{"type":"branch","line":34,"loc":{"start":{"line":34,"column":25},"end":{"line":36,"column":5}},"locations":[{"start":{"line":34,"column":25},"end":{"line":36,"column":5}}]},"4":{"type":"branch","line":36,"loc":{"start":{"line":36,"column":4},"end":{"line":40,"column":44}},"locations":[{"start":{"line":36,"column":4},"end":{"line":40,"column":44}}]},"5":{"type":"branch","line":40,"loc":{"start":{"line":40,"column":31},"end":{"line":40,"column":60}},"locations":[{"start":{"line":40,"column":31},"end":{"line":40,"column":60}}]},"6":{"type":"branch","line":44,"loc":{"start":{"line":44,"column":29},"end":{"line":44,"column":52}},"locations":[{"start":{"line":44,"column":29},"end":{"line":44,"column":52}}]},"7":{"type":"branch","line":44,"loc":{"start":{"line":44,"column":43},"end":{"line":44,"column":67}},"locations":[{"start":{"line":44,"column":43},"end":{"line":44,"column":67}}]},"8":{"type":"branch","line":44,"loc":{"start":{"line":44,"column":62},"end":{"line":44,"column":69}},"locations":[{"start":{"line":44,"column":62},"end":{"line":44,"column":69}}]}},"b":{"0":[7],"1":[7],"2":[7],"3":[3],"4":[4],"5":[3],"6":[3],"7":[3],"8":[1]},"fnMap":{"0":{"name":"PrettyAmountCoin","decl":{"start":{"line":17,"column":25},"end":{"line":48,"column":1}},"loc":{"start":{"line":17,"column":25},"end":{"line":48,"column":1}},"line":17}},"f":{"0":7}}
,"/Users/llovky/Documents/llovky/scope/cro-demo/src/components/organism/PrettyPrice.tsx": {"path":"/Users/llovky/Documents/llovky/scope/cro-demo/src/components/organism/PrettyPrice.tsx","all":false,"statementMap":{"0":{"start":{"line":1,"column":0},"end":{"line":1,"column":57}},"1":{"start":{"line":2,"column":0},"end":{"line":2,"column":44}},"2":{"start":{"line":3,"column":0},"end":{"line":3,"column":44}},"3":{"start":{"line":4,"column":0},"end":{"line":4,"column":49}},"4":{"start":{"line":5,"column":0},"end":{"line":5,"column":46}},"5":{"start":{"line":6,"column":0},"end":{"line":6,"column":44}},"18":{"start":{"line":19,"column":0},"end":{"line":19,"column":22}},"19":{"start":{"line":20,"column":0},"end":{"line":20,"column":20}},"20":{"start":{"line":21,"column":0},"end":{"line":21,"column":9}},"21":{"start":{"line":22,"column":0},"end":{"line":22,"column":11}},"22":{"start":{"line":23,"column":0},"end":{"line":23,"column":16}},"23":{"start":{"line":24,"column":0},"end":{"line":24,"column":4}},"28":{"start":{"line":29,"column":0},"end":{"line":29,"column":7}},"30":{"start":{"line":31,"column":0},"end":{"line":31,"column":85}},"32":{"start":{"line":33,"column":0},"end":{"line":33,"column":38}},"33":{"start":{"line":34,"column":0},"end":{"line":34,"column":59}},"34":{"start":{"line":35,"column":0},"end":{"line":35,"column":53}},"35":{"start":{"line":36,"column":0},"end":{"line":36,"column":5}},"36":{"start":{"line":37,"column":0},"end":{"line":37,"column":14}},"37":{"start":{"line":38,"column":0},"end":{"line":38,"column":36}},"39":{"start":{"line":40,"column":0},"end":{"line":40,"column":10}},"40":{"start":{"line":41,"column":0},"end":{"line":41,"column":6}},"41":{"start":{"line":42,"column":0},"end":{"line":42,"column":23}},"42":{"start":{"line":43,"column":0},"end":{"line":43,"column":29}},"43":{"start":{"line":44,"column":0},"end":{"line":44,"column":23}},"44":{"start":{"line":45,"column":0},"end":{"line":45,"column":29}},"45":{"start":{"line":46,"column":0},"end":{"line":46,"column":26}},"46":{"start":{"line":47,"column":0},"end":{"line":47,"column":8}},"47":{"start":{"line":48,"column":0},"end":{"line":48,"column":7}},"49":{"start":{"line":50,"column":0},"end":{"line":50,"column":1}},"51":{"start":{"line":52,"column":0},"end":{"line":52,"column":32}}},"s":{"0":1,"1":1,"2":1,"3":1,"4":1,"5":1,"18":1,"19":7,"20":7,"21":7,"22":7,"23":7,"28":7,"30":7,"32":7,"33":7,"34":5,"35":5,"36":2,"37":7,"39":7,"40":7,"41":7,"42":7,"43":7,"44":7,"45":7,"46":7,"47":7,"49":7,"51":1},"branchMap":{"0":{"type":"branch","line":19,"loc":{"start":{"line":19,"column":20},"end":{"line":50,"column":1}},"locations":[{"start":{"line":19,"column":20},"end":{"line":50,"column":1}}]},"1":{"type":"branch","line":31,"loc":{"start":{"line":31,"column":49},"end":{"line":31,"column":83}},"locations":[{"start":{"line":31,"column":49},"end":{"line":31,"column":83}}]},"2":{"type":"branch","line":33,"loc":{"start":{"line":33,"column":31},"end":{"line":38,"column":5}},"locations":[{"start":{"line":33,"column":31},"end":{"line":38,"column":5}}]},"3":{"type":"branch","line":34,"loc":{"start":{"line":34,"column":30},"end":{"line":34,"column":58}},"locations":[{"start":{"line":34,"column":30},"end":{"line":34,"column":58}}]},"4":{"type":"branch","line":34,"loc":{"start":{"line":34,"column":58},"end":{"line":36,"column":5}},"locations":[{"start":{"line":34,"column":58},"end":{"line":36,"column":5}}]},"5":{"type":"branch","line":35,"loc":{"start":{"line":35,"column":34},"end":{"line":35,"column":52}},"locations":[{"start":{"line":35,"column":34},"end":{"line":35,"column":52}}]},"6":{"type":"branch","line":36,"loc":{"start":{"line":36,"column":4},"end":{"line":37,"column":14}},"locations":[{"start":{"line":36,"column":4},"end":{"line":37,"column":14}}]}},"b":{"0":[7],"1":[7],"2":[7],"3":[5],"4":[5],"5":[3],"6":[2]},"fnMap":{"0":{"name":"PrettyPrice","decl":{"start":{"line":19,"column":20},"end":{"line":50,"column":1}},"loc":{"start":{"line":19,"column":20},"end":{"line":50,"column":1}},"line":19}},"f":{"0":7}}
,"/Users/llovky/Documents/llovky/scope/cro-demo/src/config/queryClient.ts": {"path":"/Users/llovky/Documents/llovky/scope/cro-demo/src/config/queryClient.ts","all":false,"statementMap":{"0":{"start":{"line":1,"column":0},"end":{"line":1,"column":51}},"2":{"start":{"line":3,"column":0},"end":{"line":3,"column":31}},"3":{"start":{"line":4,"column":0},"end":{"line":4,"column":22}},"4":{"start":{"line":5,"column":0},"end":{"line":5,"column":39}},"5":{"start":{"line":6,"column":0},"end":{"line":6,"column":37}},"6":{"start":{"line":7,"column":0},"end":{"line":7,"column":41}},"7":{"start":{"line":8,"column":0},"end":{"line":8,"column":50}},"8":{"start":{"line":9,"column":0},"end":{"line":9,"column":1}},"10":{"start":{"line":11,"column":0},"end":{"line":11,"column":29}},"12":{"start":{"line":13,"column":0},"end":{"line":13,"column":14}},"14":{"start":{"line":15,"column":0},"end":{"line":15,"column":20}},"15":{"start":{"line":16,"column":0},"end":{"line":16,"column":1}},"18":{"start":{"line":19,"column":0},"end":{"line":19,"column":44}},"19":{"start":{"line":20,"column":0},"end":{"line":20,"column":19}},"20":{"start":{"line":21,"column":0},"end":{"line":21,"column":14}},"22":{"start":{"line":23,"column":0},"end":{"line":23,"column":15}},"24":{"start":{"line":25,"column":0},"end":{"line":25,"column":41}},"26":{"start":{"line":27,"column":0},"end":{"line":27,"column":37}},"27":{"start":{"line":28,"column":0},"end":{"line":28,"column":27}},"28":{"start":{"line":29,"column":0},"end":{"line":29,"column":6}},"29":{"start":{"line":30,"column":0},"end":{"line":30,"column":4}},"30":{"start":{"line":31,"column":0},"end":{"line":31,"column":2}}},"s":{"0":1,"2":1,"3":1,"4":1,"5":1,"6":1,"7":1,"8":1,"10":1,"12":1,"14":1,"15":1,"18":1,"19":1,"20":1,"22":1,"24":1,"26":1,"27":1,"28":1,"29":1,"30":1},"branchMap":{},"b":{},"fnMap":{},"f":{}}
,"/Users/llovky/Documents/llovky/scope/cro-demo/src/constants/index.ts": {"path":"/Users/llovky/Documents/llovky/scope/cro-demo/src/constants/index.ts","all":false,"statementMap":{"1":{"start":{"line":2,"column":0},"end":{"line":2,"column":55}}},"s":{"1":1},"branchMap":{},"b":{},"fnMap":{},"f":{}}
,"/Users/llovky/Documents/llovky/scope/cro-demo/src/constants/socketEvent.ts": {"path":"/Users/llovky/Documents/llovky/scope/cro-demo/src/constants/socketEvent.ts","all":true,"statementMap":{"1":{"start":{"line":2,"column":0},"end":{"line":2,"column":59}},"3":{"start":{"line":4,"column":0},"end":{"line":4,"column":69}}},"s":{"1":0,"3":0},"branchMap":{"0":{"type":"branch","line":1,"loc":{"start":{"line":1,"column":159},"end":{"line":4,"column":69}},"locations":[{"start":{"line":1,"column":159},"end":{"line":4,"column":69}}]}},"b":{"0":[1]},"fnMap":{"0":{"name":"(empty-report)","decl":{"start":{"line":1,"column":159},"end":{"line":4,"column":69}},"loc":{"start":{"line":1,"column":159},"end":{"line":4,"column":69}},"line":1}},"f":{"0":1}}
,"/Users/llovky/Documents/llovky/scope/cro-demo/src/hooks/useSocketWithWorker.ts": {"path":"/Users/llovky/Documents/llovky/scope/cro-demo/src/hooks/useSocketWithWorker.ts","all":false,"statementMap":{"0":{"start":{"line":1,"column":0},"end":{"line":1,"column":64}},"1":{"start":{"line":2,"column":0},"end":{"line":2,"column":45}},"5":{"start":{"line":6,"column":0},"end":{"line":6,"column":28}},"262":{"start":{"line":263,"column":0},"end":{"line":263,"column":36}},"263":{"start":{"line":264,"column":0},"end":{"line":264,"column":20}},"264":{"start":{"line":265,"column":0},"end":{"line":265,"column":48}},"265":{"start":{"line":266,"column":0},"end":{"line":266,"column":33}},"266":{"start":{"line":267,"column":0},"end":{"line":267,"column":55}},"267":{"start":{"line":268,"column":0},"end":{"line":268,"column":51}},"268":{"start":{"line":269,"column":0},"end":{"line":269,"column":56}},"271":{"start":{"line":272,"column":0},"end":{"line":272,"column":81}},"274":{"start":{"line":275,"column":0},"end":{"line":275,"column":9}},"275":{"start":{"line":276,"column":0},"end":{"line":276,"column":16}},"276":{"start":{"line":277,"column":0},"end":{"line":277,"column":23}},"277":{"start":{"line":278,"column":0},"end":{"line":278,"column":14}},"278":{"start":{"line":279,"column":0},"end":{"line":279,"column":58}},"279":{"start":{"line":280,"column":0},"end":{"line":280,"column":29}},"280":{"start":{"line":281,"column":0},"end":{"line":281,"column":4}},"283":{"start":{"line":284,"column":0},"end":{"line":284,"column":61}},"284":{"start":{"line":285,"column":0},"end":{"line":285,"column":37}},"286":{"start":{"line":287,"column":0},"end":{"line":287,"column":19}},"287":{"start":{"line":288,"column":0},"end":{"line":288,"column":25}},"288":{"start":{"line":289,"column":0},"end":{"line":289,"column":28}},"289":{"start":{"line":290,"column":0},"end":{"line":290,"column":27}},"290":{"start":{"line":291,"column":0},"end":{"line":291,"column":22}},"291":{"start":{"line":292,"column":0},"end":{"line":292,"column":13}},"293":{"start":{"line":294,"column":0},"end":{"line":294,"column":26}},"294":{"start":{"line":295,"column":0},"end":{"line":295,"column":29}},"295":{"start":{"line":296,"column":0},"end":{"line":296,"column":13}},"297":{"start":{"line":298,"column":0},"end":{"line":298,"column":26}},"298":{"start":{"line":299,"column":0},"end":{"line":299,"column":44}},"299":{"start":{"line":300,"column":0},"end":{"line":300,"column":27}},"300":{"start":{"line":301,"column":0},"end":{"line":301,"column":13}},"302":{"start":{"line":303,"column":0},"end":{"line":303,"column":28}},"305":{"start":{"line":306,"column":0},"end":{"line":306,"column":39}},"306":{"start":{"line":307,"column":0},"end":{"line":307,"column":59}},"308":{"start":{"line":309,"column":0},"end":{"line":309,"column":24}},"309":{"start":{"line":310,"column":0},"end":{"line":310,"column":43}},"310":{"start":{"line":311,"column":0},"end":{"line":311,"column":17}},"311":{"start":{"line":312,"column":0},"end":{"line":312,"column":28}},"312":{"start":{"line":313,"column":0},"end":{"line":313,"column":27}},"313":{"start":{"line":314,"column":0},"end":{"line":314,"column":73}},"314":{"start":{"line":315,"column":0},"end":{"line":315,"column":13}},"315":{"start":{"line":316,"column":0},"end":{"line":316,"column":12}},"316":{"start":{"line":317,"column":0},"end":{"line":317,"column":9}},"317":{"start":{"line":318,"column":0},"end":{"line":318,"column":13}},"319":{"start":{"line":320,"column":0},"end":{"line":320,"column":27}},"320":{"start":{"line":321,"column":0},"end":{"line":321,"column":29}},"321":{"start":{"line":322,"column":0},"end":{"line":322,"column":27}},"322":{"start":{"line":323,"column":0},"end":{"line":323,"column":13}},"324":{"start":{"line":325,"column":0},"end":{"line":325,"column":26}},"325":{"start":{"line":326,"column":0},"end":{"line":326,"column":44}},"326":{"start":{"line":327,"column":0},"end":{"line":327,"column":27}},"327":{"start":{"line":328,"column":0},"end":{"line":328,"column":13}},"328":{"start":{"line":329,"column":0},"end":{"line":329,"column":5}},"329":{"start":{"line":330,"column":0},"end":{"line":330,"column":8}},"332":{"start":{"line":333,"column":0},"end":{"line":333,"column":37}},"333":{"start":{"line":334,"column":0},"end":{"line":334,"column":22}},"334":{"start":{"line":335,"column":0},"end":{"line":335,"column":18}},"336":{"start":{"line":337,"column":0},"end":{"line":337,"column":17}},"337":{"start":{"line":338,"column":0},"end":{"line":338,"column":24}},"338":{"start":{"line":339,"column":0},"end":{"line":339,"column":16}},"339":{"start":{"line":340,"column":0},"end":{"line":340,"column":23}},"340":{"start":{"line":341,"column":0},"end":{"line":341,"column":19}},"341":{"start":{"line":342,"column":0},"end":{"line":342,"column":8}},"342":{"start":{"line":343,"column":0},"end":{"line":343,"column":6}},"343":{"start":{"line":344,"column":0},"end":{"line":344,"column":32}},"344":{"start":{"line":345,"column":0},"end":{"line":345,"column":23}},"345":{"start":{"line":346,"column":0},"end":{"line":346,"column":21}},"346":{"start":{"line":347,"column":0},"end":{"line":347,"column":27}},"347":{"start":{"line":348,"column":0},"end":{"line":348,"column":8}},"348":{"start":{"line":349,"column":0},"end":{"line":349,"column":60}},"351":{"start":{"line":352,"column":0},"end":{"line":352,"column":40}},"352":{"start":{"line":353,"column":0},"end":{"line":353,"column":17}},"353":{"start":{"line":354,"column":0},"end":{"line":354,"column":27}},"354":{"start":{"line":355,"column":0},"end":{"line":355,"column":18}},"355":{"start":{"line":356,"column":0},"end":{"line":356,"column":6}},"356":{"start":{"line":357,"column":0},"end":{"line":357,"column":32}},"357":{"start":{"line":358,"column":0},"end":{"line":358,"column":23}},"358":{"start":{"line":359,"column":0},"end":{"line":359,"column":21}},"359":{"start":{"line":360,"column":0},"end":{"line":360,"column":8}},"360":{"start":{"line":361,"column":0},"end":{"line":361,"column":40}},"363":{"start":{"line":364,"column":0},"end":{"line":364,"column":32}},"364":{"start":{"line":365,"column":0},"end":{"line":365,"column":62}},"366":{"start":{"line":367,"column":0},"end":{"line":367,"column":47}},"367":{"start":{"line":368,"column":0},"end":{"line":368,"column":52}},"368":{"start":{"line":369,"column":0},"end":{"line":369,"column":7}},"370":{"start":{"line":371,"column":0},"end":{"line":371,"column":58}},"371":{"start":{"line":372,"column":0},"end":{"line":372,"column":36}},"374":{"start":{"line":375,"column":0},"end":{"line":375,"column":19}},"375":{"start":{"line":376,"column":0},"end":{"line":376,"column":28}},"376":{"start":{"line":377,"column":0},"end":{"line":377,"column":27}},"377":{"start":{"line":378,"column":0},"end":{"line":378,"column":8}},"378":{"start":{"line":379,"column":0},"end":{"line":379,"column":34}},"379":{"start":{"line":380,"column":0},"end":{"line":380,"column":25}},"380":{"start":{"line":381,"column":0},"end":{"line":381,"column":23}},"381":{"start":{"line":382,"column":0},"end":{"line":382,"column":10}},"384":{"start":{"line":385,"column":0},"end":{"line":385,"column":20}},"385":{"start":{"line":386,"column":0},"end":{"line":386,"column":59}},"386":{"start":{"line":387,"column":0},"end":{"line":387,"column":24}},"387":{"start":{"line":388,"column":0},"end":{"line":388,"column":43}},"390":{"start":{"line":391,"column":0},"end":{"line":391,"column":37}},"391":{"start":{"line":392,"column":0},"end":{"line":392,"column":48}},"393":{"start":{"line":394,"column":0},"end":{"line":394,"column":25}},"394":{"start":{"line":395,"column":0},"end":{"line":395,"column":36}},"395":{"start":{"line":396,"column":0},"end":{"line":396,"column":33}},"396":{"start":{"line":397,"column":0},"end":{"line":397,"column":14}},"397":{"start":{"line":398,"column":0},"end":{"line":398,"column":40}},"398":{"start":{"line":399,"column":0},"end":{"line":399,"column":31}},"399":{"start":{"line":400,"column":0},"end":{"line":400,"column":29}},"400":{"start":{"line":401,"column":0},"end":{"line":401,"column":16}},"401":{"start":{"line":402,"column":0},"end":{"line":402,"column":11}},"402":{"start":{"line":403,"column":0},"end":{"line":403,"column":9}},"403":{"start":{"line":404,"column":0},"end":{"line":404,"column":7}},"404":{"start":{"line":405,"column":0},"end":{"line":405,"column":6}},"405":{"start":{"line":406,"column":0},"end":{"line":406,"column":38}},"406":{"start":{"line":407,"column":0},"end":{"line":407,"column":3}},"409":{"start":{"line":410,"column":0},"end":{"line":410,"column":27}},"410":{"start":{"line":411,"column":0},"end":{"line":411,"column":42}},"411":{"start":{"line":412,"column":0},"end":{"line":412,"column":19}},"412":{"start":{"line":413,"column":0},"end":{"line":413,"column":23}},"413":{"start":{"line":414,"column":0},"end":{"line":414,"column":33}},"414":{"start":{"line":415,"column":0},"end":{"line":415,"column":8}},"415":{"start":{"line":416,"column":0},"end":{"line":416,"column":34}},"416":{"start":{"line":417,"column":0},"end":{"line":417,"column":25}},"417":{"start":{"line":418,"column":0},"end":{"line":418,"column":23}},"418":{"start":{"line":419,"column":0},"end":{"line":419,"column":10}},"419":{"start":{"line":420,"column":0},"end":{"line":420,"column":6}},"420":{"start":{"line":421,"column":0},"end":{"line":421,"column":38}},"421":{"start":{"line":422,"column":0},"end":{"line":422,"column":3}},"424":{"start":{"line":425,"column":0},"end":{"line":425,"column":19}},"425":{"start":{"line":426,"column":0},"end":{"line":426,"column":26}},"426":{"start":{"line":427,"column":0},"end":{"line":427,"column":15}},"427":{"start":{"line":428,"column":0},"end":{"line":428,"column":5}},"429":{"start":{"line":430,"column":0},"end":{"line":430,"column":18}},"430":{"start":{"line":431,"column":0},"end":{"line":431,"column":18}},"431":{"start":{"line":432,"column":0},"end":{"line":432,"column":5}},"432":{"start":{"line":433,"column":0},"end":{"line":433,"column":43}},"435":{"start":{"line":436,"column":0},"end":{"line":436,"column":19}},"436":{"start":{"line":437,"column":0},"end":{"line":437,"column":22}},"437":{"start":{"line":438,"column":0},"end":{"line":438,"column":27}},"438":{"start":{"line":439,"column":0},"end":{"line":439,"column":25}},"439":{"start":{"line":440,"column":0},"end":{"line":440,"column":5}},"440":{"start":{"line":441,"column":0},"end":{"line":441,"column":19}},"442":{"start":{"line":443,"column":0},"end":{"line":443,"column":10}},"443":{"start":{"line":444,"column":0},"end":{"line":444,"column":16}},"444":{"start":{"line":445,"column":0},"end":{"line":445,"column":38}},"445":{"start":{"line":446,"column":0},"end":{"line":446,"column":10}},"446":{"start":{"line":447,"column":0},"end":{"line":447,"column":14}},"447":{"start":{"line":448,"column":0},"end":{"line":448,"column":9}},"448":{"start":{"line":449,"column":0},"end":{"line":449,"column":15}},"449":{"start":{"line":450,"column":0},"end":{"line":450,"column":12}},"450":{"start":{"line":451,"column":0},"end":{"line":451,"column":3}},"451":{"start":{"line":452,"column":0},"end":{"line":452,"column":1}}},"s":{"0":1,"1":1,"5":1,"262":1,"263":117,"264":117,"265":117,"266":117,"267":117,"268":117,"271":117,"274":117,"275":117,"276":117,"277":117,"278":117,"279":117,"280":117,"283":117,"284":48,"286":48,"287":48,"288":21,"289":21,"290":21,"291":21,"293":48,"294":0,"295":0,"297":48,"298":0,"299":0,"300":0,"302":48,"305":0,"306":0,"308":0,"309":0,"310":0,"311":0,"312":0,"313":0,"314":0,"315":0,"316":0,"317":0,"319":48,"320":26,"321":26,"322":26,"324":48,"325":0,"326":0,"327":0,"328":48,"329":117,"332":117,"333":104,"334":104,"336":104,"337":104,"338":104,"339":104,"340":104,"341":104,"342":104,"343":104,"344":104,"345":83,"346":83,"347":104,"348":117,"351":117,"352":109,"353":109,"354":109,"355":109,"356":109,"357":109,"358":83,"359":109,"360":117,"363":117,"364":117,"366":0,"367":0,"368":0,"370":0,"371":0,"374":0,"375":0,"376":0,"377":0,"378":0,"379":0,"380":0,"381":0,"384":0,"385":0,"386":0,"387":0,"390":0,"391":0,"393":0,"394":0,"395":0,"396":0,"397":0,"398":0,"399":0,"400":0,"401":0,"402":0,"403":0,"404":0,"405":117,"406":117,"409":117,"410":117,"411":1,"412":1,"413":1,"414":1,"415":1,"416":1,"417":0,"418":1,"419":1,"420":117,"421":117,"424":117,"425":108,"426":103,"427":103,"429":108,"430":108,"431":108,"432":117,"435":117,"436":7,"437":6,"438":6,"439":6,"440":117,"442":117,"443":117,"444":117,"445":117,"446":117,"447":117,"448":117,"449":117,"450":117,"451":117},"branchMap":{"0":{"type":"branch","line":263,"loc":{"start":{"line":263,"column":35},"end":{"line":452,"column":1}},"locations":[{"start":{"line":263,"column":35},"end":{"line":452,"column":1}}]},"1":{"type":"branch","line":445,"loc":{"start":{"line":445,"column":15},"end":{"line":445,"column":38}},"locations":[{"start":{"line":445,"column":15},"end":{"line":445,"column":38}}]},"2":{"type":"branch","line":284,"loc":{"start":{"line":284,"column":42},"end":{"line":330,"column":5}},"locations":[{"start":{"line":284,"column":42},"end":{"line":330,"column":5}}]},"3":{"type":"branch","line":288,"loc":{"start":{"line":288,"column":6},"end":{"line":292,"column":13}},"locations":[{"start":{"line":288,"column":6},"end":{"line":292,"column":13}}]},"4":{"type":"branch","line":294,"loc":{"start":{"line":294,"column":6},"end":{"line":296,"column":13}},"locations":[{"start":{"line":294,"column":6},"end":{"line":296,"column":13}}]},"5":{"type":"branch","line":298,"loc":{"start":{"line":298,"column":6},"end":{"line":301,"column":13}},"locations":[{"start":{"line":298,"column":6},"end":{"line":301,"column":13}}]},"6":{"type":"branch","line":303,"loc":{"start":{"line":303,"column":6},"end":{"line":318,"column":13}},"locations":[{"start":{"line":303,"column":6},"end":{"line":318,"column":13}}]},"7":{"type":"branch","line":320,"loc":{"start":{"line":320,"column":6},"end":{"line":323,"column":13}},"locations":[{"start":{"line":320,"column":6},"end":{"line":323,"column":13}}]},"8":{"type":"branch","line":325,"loc":{"start":{"line":325,"column":6},"end":{"line":328,"column":13}},"locations":[{"start":{"line":325,"column":6},"end":{"line":328,"column":13}}]},"9":{"type":"branch","line":333,"loc":{"start":{"line":333,"column":30},"end":{"line":349,"column":5}},"locations":[{"start":{"line":333,"column":30},"end":{"line":349,"column":5}}]},"10":{"type":"branch","line":345,"loc":{"start":{"line":345,"column":13},"end":{"line":348,"column":7}},"locations":[{"start":{"line":345,"column":13},"end":{"line":348,"column":7}}]},"11":{"type":"branch","line":352,"loc":{"start":{"line":352,"column":33},"end":{"line":361,"column":5}},"locations":[{"start":{"line":352,"column":33},"end":{"line":361,"column":5}}]},"12":{"type":"branch","line":358,"loc":{"start":{"line":358,"column":13},"end":{"line":360,"column":7}},"locations":[{"start":{"line":358,"column":13},"end":{"line":360,"column":7}}]},"13":{"type":"branch","line":411,"loc":{"start":{"line":411,"column":4},"end":{"line":420,"column":6}},"locations":[{"start":{"line":411,"column":4},"end":{"line":420,"column":6}}]},"14":{"type":"branch","line":425,"loc":{"start":{"line":425,"column":12},"end":{"line":433,"column":5}},"locations":[{"start":{"line":425,"column":12},"end":{"line":433,"column":5}}]},"15":{"type":"branch","line":426,"loc":{"start":{"line":426,"column":25},"end":{"line":428,"column":5}},"locations":[{"start":{"line":426,"column":25},"end":{"line":428,"column":5}}]},"16":{"type":"branch","line":430,"loc":{"start":{"line":430,"column":11},"end":{"line":432,"column":5}},"locations":[{"start":{"line":430,"column":11},"end":{"line":432,"column":5}}]},"17":{"type":"branch","line":436,"loc":{"start":{"line":436,"column":12},"end":{"line":441,"column":5}},"locations":[{"start":{"line":436,"column":12},"end":{"line":441,"column":5}}]},"18":{"type":"branch","line":437,"loc":{"start":{"line":437,"column":21},"end":{"line":440,"column":5}},"locations":[{"start":{"line":437,"column":21},"end":{"line":440,"column":5}}]}},"b":{"0":[117],"1":[98],"2":[48],"3":[21],"4":[0],"5":[0],"6":[0],"7":[26],"8":[0],"9":[104],"10":[83],"11":[109],"12":[83],"13":[1],"14":[108],"15":[103],"16":[108],"17":[7],"18":[6]},"fnMap":{"0":{"name":"useSocketWithWorker","decl":{"start":{"line":263,"column":35},"end":{"line":452,"column":1}},"loc":{"start":{"line":263,"column":35},"end":{"line":452,"column":1}},"line":263}},"f":{"0":117}}
,"/Users/llovky/Documents/llovky/scope/cro-demo/src/hooks/useWalletBalanceQuery.ts": {"path":"/Users/llovky/Documents/llovky/scope/cro-demo/src/hooks/useWalletBalanceQuery.ts","all":false,"statementMap":{"0":{"start":{"line":1,"column":0},"end":{"line":1,"column":48}},"1":{"start":{"line":2,"column":0},"end":{"line":2,"column":53}},"2":{"start":{"line":3,"column":0},"end":{"line":3,"column":53}},"3":{"start":{"line":4,"column":0},"end":{"line":4,"column":56}},"11":{"start":{"line":12,"column":0},"end":{"line":12,"column":56}},"12":{"start":{"line":13,"column":0},"end":{"line":13,"column":42}},"13":{"start":{"line":14,"column":0},"end":{"line":14,"column":32}},"14":{"start":{"line":15,"column":0},"end":{"line":15,"column":32}},"15":{"start":{"line":16,"column":0},"end":{"line":16,"column":39}},"16":{"start":{"line":17,"column":0},"end":{"line":17,"column":45}},"17":{"start":{"line":18,"column":0},"end":{"line":18,"column":15}},"18":{"start":{"line":19,"column":0},"end":{"line":19,"column":4}},"19":{"start":{"line":20,"column":0},"end":{"line":20,"column":1}}},"s":{"0":1,"1":1,"2":1,"3":1,"11":1,"12":5,"13":5,"14":5,"15":5,"16":5,"17":5,"18":5,"19":5},"branchMap":{"0":{"type":"branch","line":12,"loc":{"start":{"line":12,"column":37},"end":{"line":20,"column":1}},"locations":[{"start":{"line":12,"column":37},"end":{"line":20,"column":1}}]}},"b":{"0":[5]},"fnMap":{"0":{"name":"useWalletBalanceQuery","decl":{"start":{"line":12,"column":37},"end":{"line":20,"column":1}},"loc":{"start":{"line":12,"column":37},"end":{"line":20,"column":1}},"line":12}},"f":{"0":5}}
,"/Users/llovky/Documents/llovky/scope/cro-demo/src/hooks/useWebWorker.ts": {"path":"/Users/llovky/Documents/llovky/scope/cro-demo/src/hooks/useWebWorker.ts","all":false,"statementMap":{"0":{"start":{"line":1,"column":0},"end":{"line":1,"column":64}},"15":{"start":{"line":16,"column":0},"end":{"line":16,"column":65}},"16":{"start":{"line":17,"column":0},"end":{"line":17,"column":46}},"17":{"start":{"line":18,"column":0},"end":{"line":18,"column":32}},"18":{"start":{"line":19,"column":0},"end":{"line":19,"column":6}},"19":{"start":{"line":20,"column":0},"end":{"line":20,"column":47}},"20":{"start":{"line":21,"column":0},"end":{"line":21,"column":56}},"21":{"start":{"line":22,"column":0},"end":{"line":22,"column":51}},"23":{"start":{"line":24,"column":0},"end":{"line":24,"column":47}},"26":{"start":{"line":27,"column":0},"end":{"line":27,"column":42}},"27":{"start":{"line":28,"column":0},"end":{"line":28,"column":9}},"28":{"start":{"line":29,"column":0},"end":{"line":29,"column":30}},"29":{"start":{"line":30,"column":0},"end":{"line":30,"column":14}},"30":{"start":{"line":31,"column":0},"end":{"line":31,"column":7}},"33":{"start":{"line":34,"column":0},"end":{"line":34,"column":49}},"34":{"start":{"line":35,"column":0},"end":{"line":35,"column":59}},"35":{"start":{"line":36,"column":0},"end":{"line":36,"column":77}},"36":{"start":{"line":37,"column":0},"end":{"line":37,"column":65}},"37":{"start":{"line":38,"column":0},"end":{"line":38,"column":7}},"39":{"start":{"line":40,"column":0},"end":{"line":40,"column":52}},"41":{"start":{"line":42,"column":0},"end":{"line":42,"column":12}},"42":{"start":{"line":43,"column":0},"end":{"line":43,"column":46}},"43":{"start":{"line":44,"column":0},"end":{"line":44,"column":43}},"44":{"start":{"line":45,"column":0},"end":{"line":45,"column":41}},"45":{"start":{"line":46,"column":0},"end":{"line":46,"column":11}},"47":{"start":{"line":48,"column":0},"end":{"line":48,"column":56}},"48":{"start":{"line":49,"column":0},"end":{"line":49,"column":16}},"50":{"start":{"line":51,"column":0},"end":{"line":51,"column":51}},"51":{"start":{"line":52,"column":0},"end":{"line":52,"column":43}},"52":{"start":{"line":53,"column":0},"end":{"line":53,"column":12}},"53":{"start":{"line":54,"column":0},"end":{"line":54,"column":67}},"54":{"start":{"line":55,"column":0},"end":{"line":55,"column":9}},"55":{"start":{"line":56,"column":0},"end":{"line":56,"column":7}},"57":{"start":{"line":58,"column":0},"end":{"line":58,"column":47}},"58":{"start":{"line":59,"column":0},"end":{"line":59,"column":54}},"59":{"start":{"line":60,"column":0},"end":{"line":60,"column":7}},"62":{"start":{"line":63,"column":0},"end":{"line":63,"column":20}},"63":{"start":{"line":64,"column":0},"end":{"line":64,"column":19}},"64":{"start":{"line":65,"column":0},"end":{"line":65,"column":67}},"65":{"start":{"line":66,"column":0},"end":{"line":66,"column":5}},"66":{"start":{"line":67,"column":0},"end":{"line":67,"column":22}},"69":{"start":{"line":70,"column":0},"end":{"line":70,"column":45}},"70":{"start":{"line":71,"column":0},"end":{"line":71,"column":28}},"71":{"start":{"line":72,"column":0},"end":{"line":72,"column":35}},"72":{"start":{"line":73,"column":0},"end":{"line":73,"column":30}},"73":{"start":{"line":74,"column":0},"end":{"line":74,"column":25}},"74":{"start":{"line":75,"column":0},"end":{"line":75,"column":5}},"75":{"start":{"line":76,"column":0},"end":{"line":76,"column":8}},"78":{"start":{"line":79,"column":0},"end":{"line":79,"column":34}},"79":{"start":{"line":80,"column":0},"end":{"line":80,"column":40}},"80":{"start":{"line":81,"column":0},"end":{"line":81,"column":47}},"81":{"start":{"line":82,"column":0},"end":{"line":82,"column":33}},"82":{"start":{"line":83,"column":0},"end":{"line":83,"column":24}},"83":{"start":{"line":84,"column":0},"end":{"line":84,"column":9}},"85":{"start":{"line":86,"column":0},"end":{"line":86,"column":33}},"86":{"start":{"line":87,"column":0},"end":{"line":87,"column":54}},"87":{"start":{"line":88,"column":0},"end":{"line":88,"column":16}},"88":{"start":{"line":89,"column":0},"end":{"line":89,"column":9}},"90":{"start":{"line":91,"column":0},"end":{"line":91,"column":26}},"93":{"start":{"line":94,"column":0},"end":{"line":94,"column":53}},"94":{"start":{"line":95,"column":0},"end":{"line":95,"column":75}},"95":{"start":{"line":96,"column":0},"end":{"line":96,"column":71}},"96":{"start":{"line":97,"column":0},"end":{"line":97,"column":29}},"97":{"start":{"line":98,"column":0},"end":{"line":98,"column":36}},"98":{"start":{"line":99,"column":0},"end":{"line":99,"column":9}},"101":{"start":{"line":102,"column":0},"end":{"line":102,"column":49}},"102":{"start":{"line":103,"column":0},"end":{"line":103,"column":75}},"103":{"start":{"line":104,"column":0},"end":{"line":104,"column":71}},"104":{"start":{"line":105,"column":0},"end":{"line":105,"column":29}},"105":{"start":{"line":106,"column":0},"end":{"line":106,"column":44}},"106":{"start":{"line":107,"column":0},"end":{"line":107,"column":25}},"107":{"start":{"line":108,"column":0},"end":{"line":108,"column":23}},"108":{"start":{"line":109,"column":0},"end":{"line":109,"column":9}},"111":{"start":{"line":112,"column":0},"end":{"line":112,"column":69}},"112":{"start":{"line":113,"column":0},"end":{"line":113,"column":65}},"115":{"start":{"line":116,"column":0},"end":{"line":116,"column":43}},"116":{"start":{"line":117,"column":0},"end":{"line":117,"column":8}},"117":{"start":{"line":118,"column":0},"end":{"line":118,"column":6}},"118":{"start":{"line":119,"column":0},"end":{"line":119,"column":18}},"119":{"start":{"line":120,"column":0},"end":{"line":120,"column":3}},"122":{"start":{"line":123,"column":0},"end":{"line":123,"column":19}},"123":{"start":{"line":124,"column":0},"end":{"line":124,"column":18}},"125":{"start":{"line":126,"column":0},"end":{"line":126,"column":18}},"126":{"start":{"line":127,"column":0},"end":{"line":127,"column":31}},"127":{"start":{"line":128,"column":0},"end":{"line":128,"column":25}},"128":{"start":{"line":129,"column":0},"end":{"line":129,"column":7}},"129":{"start":{"line":130,"column":0},"end":{"line":130,"column":5}},"130":{"start":{"line":131,"column":0},"end":{"line":131,"column":57}},"132":{"start":{"line":133,"column":0},"end":{"line":133,"column":10}},"133":{"start":{"line":134,"column":0},"end":{"line":134,"column":16}},"134":{"start":{"line":135,"column":0},"end":{"line":135,"column":31}},"135":{"start":{"line":136,"column":0},"end":{"line":136,"column":14}},"136":{"start":{"line":137,"column":0},"end":{"line":137,"column":10}},"137":{"start":{"line":138,"column":0},"end":{"line":138,"column":30}},"138":{"start":{"line":139,"column":0},"end":{"line":139,"column":3}},"139":{"start":{"line":140,"column":0},"end":{"line":140,"column":1}}},"s":{"0":1,"15":1,"16":0,"17":0,"18":0,"19":0,"20":0,"21":0,"23":0,"26":0,"27":0,"28":0,"29":0,"30":0,"33":0,"34":0,"35":0,"36":0,"37":0,"39":0,"41":0,"42":0,"43":0,"44":0,"45":0,"47":0,"48":0,"50":0,"51":0,"52":0,"53":0,"54":0,"55":0,"57":0,"58":0,"59":0,"62":0,"63":0,"64":0,"65":0,"66":0,"69":0,"70":0,"71":0,"72":0,"73":0,"74":0,"75":0,"78":0,"79":0,"80":0,"81":0,"82":0,"83":0,"85":0,"86":0,"87":0,"88":0,"90":0,"93":0,"94":0,"95":0,"96":0,"97":0,"98":0,"101":0,"102":0,"103":0,"104":0,"105":0,"106":0,"107":0,"108":0,"111":0,"112":0,"115":0,"116":0,"117":0,"118":0,"119":0,"122":0,"123":0,"125":0,"126":0,"127":0,"128":0,"129":0,"130":0,"132":0,"133":0,"134":0,"135":0,"136":0,"137":0,"138":0,"139":0},"branchMap":{},"b":{},"fnMap":{"0":{"name":"useWebWorker","decl":{"start":{"line":16,"column":28},"end":{"line":140,"column":1}},"loc":{"start":{"line":16,"column":28},"end":{"line":140,"column":1}},"line":16}},"f":{"0":0}}
,"/Users/llovky/Documents/llovky/scope/cro-demo/src/routes/index.tsx": {"path":"/Users/llovky/Documents/llovky/scope/cro-demo/src/routes/index.tsx","all":true,"statementMap":{"2":{"start":{"line":3,"column":0},"end":{"line":3,"column":42}},"3":{"start":{"line":4,"column":0},"end":{"line":4,"column":40}},"4":{"start":{"line":5,"column":0},"end":{"line":5,"column":40}},"5":{"start":{"line":6,"column":0},"end":{"line":6,"column":36}},"8":{"start":{"line":9,"column":0},"end":{"line":9,"column":44}},"9":{"start":{"line":10,"column":0},"end":{"line":10,"column":3}},"10":{"start":{"line":11,"column":0},"end":{"line":11,"column":14}},"11":{"start":{"line":12,"column":0},"end":{"line":12,"column":28}},"12":{"start":{"line":13,"column":0},"end":{"line":13,"column":15}},"13":{"start":{"line":14,"column":0},"end":{"line":14,"column":7}},"14":{"start":{"line":15,"column":0},"end":{"line":15,"column":20}},"15":{"start":{"line":16,"column":0},"end":{"line":16,"column":32}},"16":{"start":{"line":17,"column":0},"end":{"line":17,"column":8}},"17":{"start":{"line":18,"column":0},"end":{"line":18,"column":7}},"18":{"start":{"line":19,"column":0},"end":{"line":19,"column":23}},"19":{"start":{"line":20,"column":0},"end":{"line":20,"column":32}},"20":{"start":{"line":21,"column":0},"end":{"line":21,"column":8}},"21":{"start":{"line":22,"column":0},"end":{"line":22,"column":7}},"22":{"start":{"line":23,"column":0},"end":{"line":23,"column":21}},"23":{"start":{"line":24,"column":0},"end":{"line":24,"column":30}},"24":{"start":{"line":25,"column":0},"end":{"line":25,"column":8}},"25":{"start":{"line":26,"column":0},"end":{"line":26,"column":6}},"26":{"start":{"line":27,"column":0},"end":{"line":27,"column":4}},"27":{"start":{"line":28,"column":0},"end":{"line":28,"column":3}},"28":{"start":{"line":29,"column":0},"end":{"line":29,"column":14}},"29":{"start":{"line":30,"column":0},"end":{"line":30,"column":26}},"30":{"start":{"line":31,"column":0},"end":{"line":31,"column":4}},"31":{"start":{"line":32,"column":0},"end":{"line":32,"column":1}}},"s":{"2":0,"3":0,"4":0,"5":0,"8":0,"9":0,"10":0,"11":0,"12":0,"13":0,"14":0,"15":0,"16":0,"17":0,"18":0,"19":0,"20":0,"21":0,"22":0,"23":0,"24":0,"25":0,"26":0,"27":0,"28":0,"29":0,"30":0,"31":0},"branchMap":{"0":{"type":"branch","line":1,"loc":{"start":{"line":1,"column":632},"end":{"line":32,"column":1}},"locations":[{"start":{"line":1,"column":632},"end":{"line":32,"column":1}}]}},"b":{"0":[1]},"fnMap":{"0":{"name":"(empty-report)","decl":{"start":{"line":1,"column":632},"end":{"line":32,"column":1}},"loc":{"start":{"line":1,"column":632},"end":{"line":32,"column":1}},"line":1}},"f":{"0":1}}
,"/Users/llovky/Documents/llovky/scope/cro-demo/src/stores/atom/currency.ts": {"path":"/Users/llovky/Documents/llovky/scope/cro-demo/src/stores/atom/currency.ts","all":false,"statementMap":{"0":{"start":{"line":1,"column":0},"end":{"line":1,"column":32}},"1":{"start":{"line":2,"column":0},"end":{"line":2,"column":69}},"2":{"start":{"line":3,"column":0},"end":{"line":3,"column":72}},"6":{"start":{"line":7,"column":0},"end":{"line":7,"column":52}},"8":{"start":{"line":9,"column":0},"end":{"line":9,"column":62}},"37":{"start":{"line":38,"column":0},"end":{"line":38,"column":70}},"39":{"start":{"line":40,"column":0},"end":{"line":40,"column":17}},"40":{"start":{"line":41,"column":0},"end":{"line":41,"column":20}},"41":{"start":{"line":42,"column":0},"end":{"line":42,"column":12}},"42":{"start":{"line":43,"column":0},"end":{"line":43,"column":19}},"43":{"start":{"line":44,"column":0},"end":{"line":44,"column":14}},"44":{"start":{"line":45,"column":0},"end":{"line":45,"column":25}},"46":{"start":{"line":47,"column":0},"end":{"line":47,"column":32}},"47":{"start":{"line":48,"column":0},"end":{"line":48,"column":41}},"49":{"start":{"line":50,"column":0},"end":{"line":50,"column":9}},"51":{"start":{"line":52,"column":0},"end":{"line":52,"column":60}},"54":{"start":{"line":55,"column":0},"end":{"line":55,"column":56}},"55":{"start":{"line":56,"column":0},"end":{"line":56,"column":40}},"56":{"start":{"line":57,"column":0},"end":{"line":57,"column":50}},"57":{"start":{"line":58,"column":0},"end":{"line":58,"column":8}},"59":{"start":{"line":60,"column":0},"end":{"line":60,"column":11}},"60":{"start":{"line":61,"column":0},"end":{"line":61,"column":19}},"61":{"start":{"line":62,"column":0},"end":{"line":62,"column":22}},"62":{"start":{"line":63,"column":0},"end":{"line":63,"column":25}},"63":{"start":{"line":64,"column":0},"end":{"line":64,"column":8}},"64":{"start":{"line":65,"column":0},"end":{"line":65,"column":21}},"65":{"start":{"line":66,"column":0},"end":{"line":66,"column":11}},"66":{"start":{"line":67,"column":0},"end":{"line":67,"column":85}},"67":{"start":{"line":68,"column":0},"end":{"line":68,"column":25}},"68":{"start":{"line":69,"column":0},"end":{"line":69,"column":8}},"69":{"start":{"line":70,"column":0},"end":{"line":70,"column":5}},"70":{"start":{"line":71,"column":0},"end":{"line":71,"column":4}},"73":{"start":{"line":74,"column":0},"end":{"line":74,"column":31}},"74":{"start":{"line":75,"column":0},"end":{"line":75,"column":41}},"76":{"start":{"line":77,"column":0},"end":{"line":77,"column":9}},"78":{"start":{"line":79,"column":0},"end":{"line":79,"column":41}},"81":{"start":{"line":82,"column":0},"end":{"line":82,"column":59}},"84":{"start":{"line":85,"column":0},"end":{"line":85,"column":36}},"85":{"start":{"line":86,"column":0},"end":{"line":86,"column":43}},"86":{"start":{"line":87,"column":0},"end":{"line":87,"column":51}},"88":{"start":{"line":89,"column":0},"end":{"line":89,"column":34}},"89":{"start":{"line":90,"column":0},"end":{"line":90,"column":19}},"90":{"start":{"line":91,"column":0},"end":{"line":91,"column":15}},"91":{"start":{"line":92,"column":0},"end":{"line":92,"column":34}},"92":{"start":{"line":93,"column":0},"end":{"line":93,"column":9}},"93":{"start":{"line":94,"column":0},"end":{"line":94,"column":8}},"95":{"start":{"line":96,"column":0},"end":{"line":96,"column":11}},"96":{"start":{"line":97,"column":0},"end":{"line":97,"column":28}},"97":{"start":{"line":98,"column":0},"end":{"line":98,"column":25}},"98":{"start":{"line":99,"column":0},"end":{"line":99,"column":8}},"99":{"start":{"line":100,"column":0},"end":{"line":100,"column":21}},"100":{"start":{"line":101,"column":0},"end":{"line":101,"column":11}},"101":{"start":{"line":102,"column":0},"end":{"line":102,"column":89}},"102":{"start":{"line":103,"column":0},"end":{"line":103,"column":25}},"103":{"start":{"line":104,"column":0},"end":{"line":104,"column":8}},"104":{"start":{"line":105,"column":0},"end":{"line":105,"column":5}},"105":{"start":{"line":106,"column":0},"end":{"line":106,"column":4}},"108":{"start":{"line":109,"column":0},"end":{"line":109,"column":54}},"110":{"start":{"line":111,"column":0},"end":{"line":111,"column":83}},"111":{"start":{"line":112,"column":0},"end":{"line":112,"column":24}},"112":{"start":{"line":113,"column":0},"end":{"line":113,"column":30}},"113":{"start":{"line":114,"column":0},"end":{"line":114,"column":29}},"114":{"start":{"line":115,"column":0},"end":{"line":115,"column":21}},"115":{"start":{"line":116,"column":0},"end":{"line":116,"column":51}},"116":{"start":{"line":117,"column":0},"end":{"line":117,"column":8}},"117":{"start":{"line":118,"column":0},"end":{"line":118,"column":22}},"118":{"start":{"line":119,"column":0},"end":{"line":119,"column":39}},"119":{"start":{"line":120,"column":0},"end":{"line":120,"column":8}},"120":{"start":{"line":121,"column":0},"end":{"line":121,"column":27}},"121":{"start":{"line":122,"column":0},"end":{"line":122,"column":13}},"122":{"start":{"line":123,"column":0},"end":{"line":123,"column":60}},"123":{"start":{"line":124,"column":0},"end":{"line":124,"column":33}},"124":{"start":{"line":125,"column":0},"end":{"line":125,"column":10}},"125":{"start":{"line":126,"column":0},"end":{"line":126,"column":8}},"126":{"start":{"line":127,"column":0},"end":{"line":127,"column":6}},"129":{"start":{"line":130,"column":0},"end":{"line":130,"column":75}},"130":{"start":{"line":131,"column":0},"end":{"line":131,"column":27}},"131":{"start":{"line":132,"column":0},"end":{"line":132,"column":17}},"133":{"start":{"line":134,"column":0},"end":{"line":134,"column":50}},"134":{"start":{"line":135,"column":0},"end":{"line":135,"column":7}},"135":{"start":{"line":136,"column":0},"end":{"line":136,"column":5}},"138":{"start":{"line":139,"column":0},"end":{"line":139,"column":90}},"140":{"start":{"line":141,"column":0},"end":{"line":141,"column":32}},"141":{"start":{"line":142,"column":0},"end":{"line":142,"column":6}},"144":{"start":{"line":145,"column":0},"end":{"line":145,"column":22}},"145":{"start":{"line":146,"column":0},"end":{"line":146,"column":36}},"146":{"start":{"line":147,"column":0},"end":{"line":147,"column":5}},"149":{"start":{"line":150,"column":0},"end":{"line":150,"column":18}},"150":{"start":{"line":151,"column":0},"end":{"line":151,"column":24}},"151":{"start":{"line":152,"column":0},"end":{"line":152,"column":27}},"152":{"start":{"line":153,"column":0},"end":{"line":153,"column":18}},"153":{"start":{"line":154,"column":0},"end":{"line":154,"column":37}},"154":{"start":{"line":155,"column":0},"end":{"line":155,"column":5}},"155":{"start":{"line":156,"column":0},"end":{"line":156,"column":4}},"158":{"start":{"line":159,"column":0},"end":{"line":159,"column":51}},"159":{"start":{"line":160,"column":0},"end":{"line":160,"column":21}},"160":{"start":{"line":161,"column":0},"end":{"line":161,"column":14}},"161":{"start":{"line":162,"column":0},"end":{"line":162,"column":23}},"162":{"start":{"line":163,"column":0},"end":{"line":163,"column":21}},"163":{"start":{"line":164,"column":0},"end":{"line":164,"column":19}},"164":{"start":{"line":165,"column":0},"end":{"line":165,"column":15}},"165":{"start":{"line":166,"column":0},"end":{"line":166,"column":34}},"166":{"start":{"line":167,"column":0},"end":{"line":167,"column":10}},"167":{"start":{"line":168,"column":0},"end":{"line":168,"column":8}},"168":{"start":{"line":169,"column":0},"end":{"line":169,"column":7}},"169":{"start":{"line":170,"column":0},"end":{"line":170,"column":4}},"172":{"start":{"line":173,"column":0},"end":{"line":173,"column":43}},"173":{"start":{"line":174,"column":0},"end":{"line":174,"column":20}},"175":{"start":{"line":176,"column":0},"end":{"line":176,"column":36}},"176":{"start":{"line":177,"column":0},"end":{"line":177,"column":31}},"177":{"start":{"line":178,"column":0},"end":{"line":178,"column":37}},"178":{"start":{"line":179,"column":0},"end":{"line":179,"column":7}},"181":{"start":{"line":182,"column":0},"end":{"line":182,"column":51}},"182":{"start":{"line":183,"column":0},"end":{"line":183,"column":94}},"184":{"start":{"line":185,"column":0},"end":{"line":185,"column":31}},"186":{"start":{"line":187,"column":0},"end":{"line":187,"column":51}},"187":{"start":{"line":188,"column":0},"end":{"line":188,"column":14}},"189":{"start":{"line":190,"column":0},"end":{"line":190,"column":60}},"190":{"start":{"line":191,"column":0},"end":{"line":191,"column":7}},"192":{"start":{"line":193,"column":0},"end":{"line":193,"column":14}},"193":{"start":{"line":194,"column":0},"end":{"line":194,"column":38}},"194":{"start":{"line":195,"column":0},"end":{"line":195,"column":44}},"195":{"start":{"line":196,"column":0},"end":{"line":196,"column":7}},"196":{"start":{"line":197,"column":0},"end":{"line":197,"column":6}},"197":{"start":{"line":198,"column":0},"end":{"line":198,"column":4}},"200":{"start":{"line":201,"column":0},"end":{"line":201,"column":34}},"201":{"start":{"line":202,"column":0},"end":{"line":202,"column":27}},"202":{"start":{"line":203,"column":0},"end":{"line":203,"column":37}},"203":{"start":{"line":204,"column":0},"end":{"line":204,"column":4}},"206":{"start":{"line":207,"column":0},"end":{"line":207,"column":40}},"207":{"start":{"line":208,"column":0},"end":{"line":208,"column":42}},"208":{"start":{"line":209,"column":0},"end":{"line":209,"column":4}},"211":{"start":{"line":212,"column":0},"end":{"line":212,"column":55}},"212":{"start":{"line":213,"column":0},"end":{"line":213,"column":40}},"213":{"start":{"line":214,"column":0},"end":{"line":214,"column":24}},"214":{"start":{"line":215,"column":0},"end":{"line":215,"column":4}},"217":{"start":{"line":218,"column":0},"end":{"line":218,"column":57}},"218":{"start":{"line":219,"column":0},"end":{"line":219,"column":40}},"219":{"start":{"line":220,"column":0},"end":{"line":220,"column":35}},"220":{"start":{"line":221,"column":0},"end":{"line":221,"column":4}},"221":{"start":{"line":222,"column":0},"end":{"line":222,"column":3}}},"s":{"0":1,"1":1,"2":1,"6":1,"8":1,"37":1,"39":1,"40":1,"41":1,"42":1,"43":1,"44":1,"46":1,"47":2,"49":2,"51":2,"54":2,"55":2,"56":2,"57":2,"59":2,"60":2,"61":2,"62":2,"63":2,"64":2,"65":1,"66":1,"67":1,"68":1,"69":1,"70":2,"73":1,"74":0,"76":0,"78":0,"81":0,"84":0,"85":0,"86":0,"88":0,"89":0,"90":0,"91":0,"92":0,"93":0,"95":0,"96":0,"97":0,"98":0,"99":0,"100":0,"101":0,"102":0,"103":0,"104":0,"105":0,"108":1,"110":0,"111":0,"112":0,"113":0,"114":0,"115":0,"116":0,"117":0,"118":0,"119":0,"120":0,"121":0,"122":0,"123":0,"124":0,"125":0,"126":0,"129":0,"130":0,"131":0,"133":0,"134":0,"135":0,"138":0,"140":0,"141":0,"144":0,"145":0,"146":0,"149":0,"150":0,"151":0,"152":0,"153":0,"154":0,"155":0,"158":1,"159":1,"160":1,"161":1,"162":1,"163":1,"164":1,"165":1,"166":1,"167":1,"168":1,"169":1,"172":1,"173":1,"175":1,"176":1,"177":1,"178":1,"181":1,"182":1,"184":1,"186":0,"187":1,"189":1,"190":1,"192":1,"193":1,"194":1,"195":1,"196":1,"197":1,"200":1,"201":5,"202":5,"203":5,"206":1,"207":1,"208":1,"211":1,"212":2,"213":2,"214":2,"217":1,"218":2,"219":2,"220":2,"221":1},"branchMap":{"0":{"type":"branch","line":38,"loc":{"start":{"line":38,"column":54},"end":{"line":222,"column":2}},"locations":[{"start":{"line":38,"column":54},"end":{"line":222,"column":2}}]},"1":{"type":"branch","line":47,"loc":{"start":{"line":47,"column":19},"end":{"line":71,"column":4}},"locations":[{"start":{"line":47,"column":19},"end":{"line":71,"column":4}}]},"2":{"type":"branch","line":52,"loc":{"start":{"line":52,"column":52},"end":{"line":52,"column":58}},"locations":[{"start":{"line":52,"column":52},"end":{"line":52,"column":58}}]},"3":{"type":"branch","line":52,"loc":{"start":{"line":52,"column":52},"end":{"line":52,"column":60}},"locations":[{"start":{"line":52,"column":52},"end":{"line":52,"column":60}}]},"4":{"type":"branch","line":65,"loc":{"start":{"line":65,"column":4},"end":{"line":70,"column":5}},"locations":[{"start":{"line":65,"column":4},"end":{"line":70,"column":5}}]},"5":{"type":"branch","line":67,"loc":{"start":{"line":67,"column":46},"end":{"line":67,"column":85}},"locations":[{"start":{"line":67,"column":46},"end":{"line":67,"column":85}}]},"6":{"type":"branch","line":56,"loc":{"start":{"line":56,"column":25},"end":{"line":58,"column":7}},"locations":[{"start":{"line":56,"column":25},"end":{"line":58,"column":7}}]},"7":{"type":"branch","line":159,"loc":{"start":{"line":159,"column":14},"end":{"line":170,"column":4}},"locations":[{"start":{"line":159,"column":14},"end":{"line":170,"column":4}}]},"8":{"type":"branch","line":160,"loc":{"start":{"line":160,"column":8},"end":{"line":169,"column":6}},"locations":[{"start":{"line":160,"column":8},"end":{"line":169,"column":6}}]},"9":{"type":"branch","line":173,"loc":{"start":{"line":173,"column":18},"end":{"line":198,"column":4}},"locations":[{"start":{"line":173,"column":18},"end":{"line":198,"column":4}}]},"10":{"type":"branch","line":174,"loc":{"start":{"line":174,"column":8},"end":{"line":197,"column":5}},"locations":[{"start":{"line":174,"column":8},"end":{"line":197,"column":5}}]},"11":{"type":"branch","line":185,"loc":{"start":{"line":185,"column":30},"end":{"line":188,"column":13}},"locations":[{"start":{"line":185,"column":30},"end":{"line":188,"column":13}}]},"12":{"type":"branch","line":201,"loc":{"start":{"line":201,"column":11},"end":{"line":204,"column":4}},"locations":[{"start":{"line":201,"column":11},"end":{"line":204,"column":4}}]},"13":{"type":"branch","line":203,"loc":{"start":{"line":203,"column":28},"end":{"line":203,"column":37}},"locations":[{"start":{"line":203,"column":28},"end":{"line":203,"column":37}}]},"14":{"type":"branch","line":207,"loc":{"start":{"line":207,"column":15},"end":{"line":209,"column":4}},"locations":[{"start":{"line":207,"column":15},"end":{"line":209,"column":4}}]},"15":{"type":"branch","line":212,"loc":{"start":{"line":212,"column":16},"end":{"line":215,"column":4}},"locations":[{"start":{"line":212,"column":16},"end":{"line":215,"column":4}}]},"16":{"type":"branch","line":218,"loc":{"start":{"line":218,"column":18},"end":{"line":221,"column":4}},"locations":[{"start":{"line":218,"column":18},"end":{"line":221,"column":4}}]},"17":{"type":"branch","line":220,"loc":{"start":{"line":220,"column":27},"end":{"line":220,"column":35}},"locations":[{"start":{"line":220,"column":27},"end":{"line":220,"column":35}}]}},"b":{"0":[1],"1":[2],"2":[1],"3":[0],"4":[1],"5":[0],"6":[2],"7":[1],"8":[1],"9":[1],"10":[1],"11":[0],"12":[5],"13":[0],"14":[1],"15":[2],"16":[2],"17":[0]},"fnMap":{"0":{"name":"fetchCurrencies","decl":{"start":{"line":47,"column":19},"end":{"line":71,"column":4}},"loc":{"start":{"line":47,"column":19},"end":{"line":71,"column":4}},"line":47},"1":{"name":"fetchLiveRates","decl":{"start":{"line":74,"column":18},"end":{"line":106,"column":4}},"loc":{"start":{"line":74,"column":18},"end":{"line":106,"column":4}},"line":74},"2":{"name":"subscribeToCurrencyUpdates","decl":{"start":{"line":109,"column":30},"end":{"line":156,"column":4}},"loc":{"start":{"line":109,"column":30},"end":{"line":156,"column":4}},"line":109},"3":{"name":"updateRate","decl":{"start":{"line":159,"column":14},"end":{"line":170,"column":4}},"loc":{"start":{"line":159,"column":14},"end":{"line":170,"column":4}},"line":159},"4":{"name":"updateCurrency","decl":{"start":{"line":173,"column":18},"end":{"line":198,"column":4}},"loc":{"start":{"line":173,"column":18},"end":{"line":198,"column":4}},"line":173},"5":{"name":"getRate","decl":{"start":{"line":201,"column":11},"end":{"line":204,"column":4}},"loc":{"start":{"line":201,"column":11},"end":{"line":204,"column":4}},"line":201},"6":{"name":"getCurrency","decl":{"start":{"line":207,"column":15},"end":{"line":209,"column":4}},"loc":{"start":{"line":207,"column":15},"end":{"line":209,"column":4}},"line":207},"7":{"name":"convertToUsd","decl":{"start":{"line":212,"column":16},"end":{"line":215,"column":4}},"loc":{"start":{"line":212,"column":16},"end":{"line":215,"column":4}},"line":212},"8":{"name":"convertFromUsd","decl":{"start":{"line":218,"column":18},"end":{"line":221,"column":4}},"loc":{"start":{"line":218,"column":18},"end":{"line":221,"column":4}},"line":218}},"f":{"0":2,"1":0,"2":0,"3":1,"4":1,"5":5,"6":1,"7":2,"8":2}}
,"/Users/llovky/Documents/llovky/scope/cro-demo/src/utils/formatNumber.ts": {"path":"/Users/llovky/Documents/llovky/scope/cro-demo/src/utils/formatNumber.ts","all":false,"statementMap":{"11":{"start":{"line":12,"column":0},"end":{"line":12,"column":25}},"12":{"start":{"line":13,"column":0},"end":{"line":13,"column":28}},"13":{"start":{"line":14,"column":0},"end":{"line":14,"column":28}},"14":{"start":{"line":15,"column":0},"end":{"line":15,"column":27}},"15":{"start":{"line":16,"column":0},"end":{"line":16,"column":1}},"29":{"start":{"line":30,"column":0},"end":{"line":30,"column":29}},"30":{"start":{"line":31,"column":0},"end":{"line":31,"column":11}},"35":{"start":{"line":36,"column":0},"end":{"line":36,"column":18}},"36":{"start":{"line":37,"column":0},"end":{"line":37,"column":14}},"37":{"start":{"line":38,"column":0},"end":{"line":38,"column":41}},"39":{"start":{"line":40,"column":0},"end":{"line":40,"column":49}},"40":{"start":{"line":41,"column":0},"end":{"line":41,"column":23}},"41":{"start":{"line":42,"column":0},"end":{"line":42,"column":23}},"42":{"start":{"line":43,"column":0},"end":{"line":43,"column":4}},"44":{"start":{"line":45,"column":0},"end":{"line":45,"column":32}},"45":{"start":{"line":46,"column":0},"end":{"line":46,"column":1}}},"s":{"11":1,"12":1,"13":1,"14":1,"15":1,"29":1,"30":16,"35":16,"36":16,"37":16,"39":16,"40":16,"41":16,"42":16,"44":16,"45":16},"branchMap":{"0":{"type":"branch","line":30,"loc":{"start":{"line":30,"column":28},"end":{"line":46,"column":1}},"locations":[{"start":{"line":30,"column":28},"end":{"line":46,"column":1}}]},"1":{"type":"branch","line":42,"loc":{"start":{"line":42,"column":8},"end":{"line":42,"column":23}},"locations":[{"start":{"line":42,"column":8},"end":{"line":42,"column":23}}]}},"b":{"0":[16],"1":[5]},"fnMap":{"0":{"name":"formatNumber","decl":{"start":{"line":30,"column":28},"end":{"line":46,"column":1}},"loc":{"start":{"line":30,"column":28},"end":{"line":46,"column":1}},"line":30}},"f":{"0":16}}
,"/Users/llovky/Documents/llovky/scope/cro-demo/src/utils/helper.ts": {"path":"/Users/llovky/Documents/llovky/scope/cro-demo/src/utils/helper.ts","all":false,"statementMap":{"0":{"start":{"line":1,"column":0},"end":{"line":1,"column":90}},"2":{"start":{"line":3,"column":0},"end":{"line":3,"column":37}},"3":{"start":{"line":4,"column":0},"end":{"line":4,"column":30}},"4":{"start":{"line":5,"column":0},"end":{"line":5,"column":26}},"5":{"start":{"line":6,"column":0},"end":{"line":6,"column":1}}},"s":{"0":1,"2":1,"3":26,"4":16,"5":16},"branchMap":{"0":{"type":"branch","line":1,"loc":{"start":{"line":1,"column":23},"end":{"line":1,"column":90}},"locations":[{"start":{"line":1,"column":23},"end":{"line":1,"column":90}}]},"1":{"type":"branch","line":1,"loc":{"start":{"line":1,"column":36},"end":{"line":1,"column":63}},"locations":[{"start":{"line":1,"column":36},"end":{"line":1,"column":63}}]},"2":{"type":"branch","line":1,"loc":{"start":{"line":1,"column":50},"end":{"line":1,"column":75}},"locations":[{"start":{"line":1,"column":50},"end":{"line":1,"column":75}}]},"3":{"type":"branch","line":1,"loc":{"start":{"line":1,"column":69},"end":{"line":1,"column":90}},"locations":[{"start":{"line":1,"column":69},"end":{"line":1,"column":90}}]},"4":{"type":"branch","line":3,"loc":{"start":{"line":3,"column":29},"end":{"line":6,"column":1}},"locations":[{"start":{"line":3,"column":29},"end":{"line":6,"column":1}}]},"5":{"type":"branch","line":4,"loc":{"start":{"line":4,"column":18},"end":{"line":6,"column":1}},"locations":[{"start":{"line":4,"column":18},"end":{"line":6,"column":1}}]},"6":{"type":"branch","line":4,"loc":{"start":{"line":4,"column":18},"end":{"line":4,"column":30}},"locations":[{"start":{"line":4,"column":18},"end":{"line":4,"column":30}}]},"7":{"type":"branch","line":4,"loc":{"start":{"line":4,"column":25},"end":{"line":6,"column":1}},"locations":[{"start":{"line":4,"column":25},"end":{"line":6,"column":1}}]}},"b":{"0":[40],"1":[37],"2":[28],"3":[25],"4":[26],"5":[20],"6":[10],"7":[16]},"fnMap":{"0":{"name":"isUndef","decl":{"start":{"line":1,"column":23},"end":{"line":1,"column":90}},"loc":{"start":{"line":1,"column":23},"end":{"line":1,"column":90}},"line":1},"1":{"name":"isValidNumber","decl":{"start":{"line":3,"column":29},"end":{"line":6,"column":1}},"loc":{"start":{"line":3,"column":29},"end":{"line":6,"column":1}},"line":3}},"f":{"0":40,"1":26}}
,"/Users/llovky/Documents/llovky/scope/cro-demo/src/utils/operation.ts": {"path":"/Users/llovky/Documents/llovky/scope/cro-demo/src/utils/operation.ts","all":false,"statementMap":{"1":{"start":{"line":2,"column":0},"end":{"line":2,"column":32}},"2":{"start":{"line":3,"column":0},"end":{"line":3,"column":43}},"4":{"start":{"line":5,"column":0},"end":{"line":5,"column":35}},"6":{"start":{"line":7,"column":0},"end":{"line":7,"column":18}},"7":{"start":{"line":8,"column":0},"end":{"line":8,"column":22}},"8":{"start":{"line":9,"column":0},"end":{"line":9,"column":3}},"9":{"start":{"line":10,"column":0},"end":{"line":10,"column":30}},"10":{"start":{"line":11,"column":0},"end":{"line":11,"column":39}},"11":{"start":{"line":12,"column":0},"end":{"line":12,"column":39}},"12":{"start":{"line":13,"column":0},"end":{"line":13,"column":3}},"14":{"start":{"line":15,"column":0},"end":{"line":15,"column":10}},"15":{"start":{"line":16,"column":0},"end":{"line":16,"column":1}},"17":{"start":{"line":18,"column":0},"end":{"line":18,"column":31}},"18":{"start":{"line":19,"column":0},"end":{"line":19,"column":23}},"19":{"start":{"line":20,"column":0},"end":{"line":20,"column":20}},"20":{"start":{"line":21,"column":0},"end":{"line":21,"column":1}},"22":{"start":{"line":23,"column":0},"end":{"line":23,"column":28}},"23":{"start":{"line":24,"column":0},"end":{"line":24,"column":23}},"24":{"start":{"line":25,"column":0},"end":{"line":25,"column":17}},"25":{"start":{"line":26,"column":0},"end":{"line":26,"column":25}},"26":{"start":{"line":27,"column":0},"end":{"line":27,"column":20}},"27":{"start":{"line":28,"column":0},"end":{"line":28,"column":3}},"28":{"start":{"line":29,"column":0},"end":{"line":29,"column":1}},"30":{"start":{"line":31,"column":0},"end":{"line":31,"column":29}},"31":{"start":{"line":32,"column":0},"end":{"line":32,"column":23}},"32":{"start":{"line":33,"column":0},"end":{"line":33,"column":17}},"33":{"start":{"line":34,"column":0},"end":{"line":34,"column":25}},"34":{"start":{"line":35,"column":0},"end":{"line":35,"column":21}},"35":{"start":{"line":36,"column":0},"end":{"line":36,"column":3}},"36":{"start":{"line":37,"column":0},"end":{"line":37,"column":1}},"38":{"start":{"line":39,"column":0},"end":{"line":39,"column":32}},"39":{"start":{"line":40,"column":0},"end":{"line":40,"column":23}},"40":{"start":{"line":41,"column":0},"end":{"line":41,"column":17}},"41":{"start":{"line":42,"column":0},"end":{"line":42,"column":25}},"42":{"start":{"line":43,"column":0},"end":{"line":43,"column":21}},"43":{"start":{"line":44,"column":0},"end":{"line":44,"column":3}},"44":{"start":{"line":45,"column":0},"end":{"line":45,"column":1}},"46":{"start":{"line":47,"column":0},"end":{"line":47,"column":33}},"47":{"start":{"line":48,"column":0},"end":{"line":48,"column":51}},"48":{"start":{"line":49,"column":0},"end":{"line":49,"column":31}},"49":{"start":{"line":50,"column":0},"end":{"line":50,"column":1}},"51":{"start":{"line":52,"column":0},"end":{"line":52,"column":33}},"52":{"start":{"line":53,"column":0},"end":{"line":53,"column":51}},"53":{"start":{"line":54,"column":0},"end":{"line":54,"column":31}},"54":{"start":{"line":55,"column":0},"end":{"line":55,"column":1}},"56":{"start":{"line":57,"column":0},"end":{"line":57,"column":30}},"57":{"start":{"line":58,"column":0},"end":{"line":58,"column":23}},"58":{"start":{"line":59,"column":0},"end":{"line":59,"column":17}},"59":{"start":{"line":60,"column":0},"end":{"line":60,"column":25}},"60":{"start":{"line":61,"column":0},"end":{"line":61,"column":22}},"61":{"start":{"line":62,"column":0},"end":{"line":62,"column":3}},"62":{"start":{"line":63,"column":0},"end":{"line":63,"column":1}},"64":{"start":{"line":65,"column":0},"end":{"line":65,"column":33}},"65":{"start":{"line":66,"column":0},"end":{"line":66,"column":23}},"66":{"start":{"line":67,"column":0},"end":{"line":67,"column":17}},"67":{"start":{"line":68,"column":0},"end":{"line":68,"column":25}},"68":{"start":{"line":69,"column":0},"end":{"line":69,"column":23}},"70":{"start":{"line":71,"column":0},"end":{"line":71,"column":27}},"71":{"start":{"line":72,"column":0},"end":{"line":72,"column":5}},"72":{"start":{"line":73,"column":0},"end":{"line":73,"column":25}},"73":{"start":{"line":74,"column":0},"end":{"line":74,"column":3}},"74":{"start":{"line":75,"column":0},"end":{"line":75,"column":1}},"76":{"start":{"line":77,"column":0},"end":{"line":77,"column":34}},"77":{"start":{"line":78,"column":0},"end":{"line":78,"column":23}},"78":{"start":{"line":79,"column":0},"end":{"line":79,"column":25}},"79":{"start":{"line":80,"column":0},"end":{"line":80,"column":1}},"81":{"start":{"line":82,"column":0},"end":{"line":82,"column":29}},"82":{"start":{"line":83,"column":0},"end":{"line":83,"column":23}},"83":{"start":{"line":84,"column":0},"end":{"line":84,"column":18}},"84":{"start":{"line":85,"column":0},"end":{"line":85,"column":1}},"86":{"start":{"line":87,"column":0},"end":{"line":87,"column":27}},"87":{"start":{"line":88,"column":0},"end":{"line":88,"column":23}},"88":{"start":{"line":89,"column":0},"end":{"line":89,"column":26}},"89":{"start":{"line":90,"column":0},"end":{"line":90,"column":1}},"91":{"start":{"line":92,"column":0},"end":{"line":92,"column":31}},"92":{"start":{"line":93,"column":0},"end":{"line":93,"column":23}},"93":{"start":{"line":94,"column":0},"end":{"line":94,"column":43}},"94":{"start":{"line":95,"column":0},"end":{"line":95,"column":20}},"95":{"start":{"line":96,"column":0},"end":{"line":96,"column":24}},"96":{"start":{"line":97,"column":0},"end":{"line":97,"column":5}},"97":{"start":{"line":98,"column":0},"end":{"line":98,"column":28}},"98":{"start":{"line":99,"column":0},"end":{"line":99,"column":3}},"99":{"start":{"line":100,"column":0},"end":{"line":100,"column":1}}},"s":{"1":1,"2":1,"4":1,"6":47,"7":2,"8":2,"9":47,"10":42,"11":42,"12":42,"14":47,"15":47,"17":1,"18":1,"19":1,"20":1,"22":1,"23":1,"24":1,"25":1,"26":1,"27":1,"28":1,"30":1,"31":1,"32":1,"33":1,"34":1,"35":1,"36":1,"38":1,"39":7,"40":7,"41":7,"42":7,"43":7,"44":7,"46":1,"47":1,"48":1,"49":1,"51":1,"52":1,"53":1,"54":1,"56":1,"57":4,"58":4,"59":4,"60":4,"61":4,"62":4,"64":1,"65":2,"66":2,"67":2,"68":2,"70":1,"71":1,"72":1,"73":2,"74":2,"76":1,"77":1,"78":1,"79":1,"81":1,"82":1,"83":1,"84":1,"86":1,"87":1,"88":1,"89":1,"91":1,"92":1,"93":1,"94":1,"95":0,"96":0,"97":1,"98":1,"99":1},"branchMap":{"0":{"type":"branch","line":5,"loc":{"start":{"line":5,"column":7},"end":{"line":16,"column":1}},"locations":[{"start":{"line":5,"column":7},"end":{"line":16,"column":1}}]},"1":{"type":"branch","line":7,"loc":{"start":{"line":7,"column":17},"end":{"line":9,"column":3}},"locations":[{"start":{"line":7,"column":17},"end":{"line":9,"column":3}}]},"2":{"type":"branch","line":10,"loc":{"start":{"line":10,"column":29},"end":{"line":13,"column":3}},"locations":[{"start":{"line":10,"column":29},"end":{"line":13,"column":3}}]},"3":{"type":"branch","line":12,"loc":{"start":{"line":12,"column":20},"end":{"line":12,"column":37}},"locations":[{"start":{"line":12,"column":20},"end":{"line":12,"column":37}}]},"4":{"type":"branch","line":18,"loc":{"start":{"line":18,"column":23},"end":{"line":21,"column":1}},"locations":[{"start":{"line":18,"column":23},"end":{"line":21,"column":1}}]},"5":{"type":"branch","line":23,"loc":{"start":{"line":23,"column":20},"end":{"line":29,"column":1}},"locations":[{"start":{"line":23,"column":20},"end":{"line":29,"column":1}}]},"6":{"type":"branch","line":25,"loc":{"start":{"line":25,"column":9},"end":{"line":28,"column":3}},"locations":[{"start":{"line":25,"column":9},"end":{"line":28,"column":3}}]},"7":{"type":"branch","line":31,"loc":{"start":{"line":31,"column":21},"end":{"line":37,"column":1}},"locations":[{"start":{"line":31,"column":21},"end":{"line":37,"column":1}}]},"8":{"type":"branch","line":33,"loc":{"start":{"line":33,"column":9},"end":{"line":36,"column":3}},"locations":[{"start":{"line":33,"column":9},"end":{"line":36,"column":3}}]},"9":{"type":"branch","line":39,"loc":{"start":{"line":39,"column":24},"end":{"line":45,"column":1}},"locations":[{"start":{"line":39,"column":24},"end":{"line":45,"column":1}}]},"10":{"type":"branch","line":41,"loc":{"start":{"line":41,"column":9},"end":{"line":44,"column":3}},"locations":[{"start":{"line":41,"column":9},"end":{"line":44,"column":3}}]},"11":{"type":"branch","line":47,"loc":{"start":{"line":47,"column":19},"end":{"line":50,"column":1}},"locations":[{"start":{"line":47,"column":19},"end":{"line":50,"column":1}}]},"12":{"type":"branch","line":48,"loc":{"start":{"line":48,"column":26},"end":{"line":48,"column":50}},"locations":[{"start":{"line":48,"column":26},"end":{"line":48,"column":50}}]},"13":{"type":"branch","line":52,"loc":{"start":{"line":52,"column":19},"end":{"line":55,"column":1}},"locations":[{"start":{"line":52,"column":19},"end":{"line":55,"column":1}}]},"14":{"type":"branch","line":53,"loc":{"start":{"line":53,"column":26},"end":{"line":53,"column":50}},"locations":[{"start":{"line":53,"column":26},"end":{"line":53,"column":50}}]},"15":{"type":"branch","line":57,"loc":{"start":{"line":57,"column":22},"end":{"line":63,"column":1}},"locations":[{"start":{"line":57,"column":22},"end":{"line":63,"column":1}}]},"16":{"type":"branch","line":59,"loc":{"start":{"line":59,"column":9},"end":{"line":62,"column":3}},"locations":[{"start":{"line":59,"column":9},"end":{"line":62,"column":3}}]},"17":{"type":"branch","line":65,"loc":{"start":{"line":65,"column":25},"end":{"line":75,"column":1}},"locations":[{"start":{"line":65,"column":25},"end":{"line":75,"column":1}}]},"18":{"type":"branch","line":67,"loc":{"start":{"line":67,"column":9},"end":{"line":74,"column":3}},"locations":[{"start":{"line":67,"column":9},"end":{"line":74,"column":3}}]},"19":{"type":"branch","line":69,"loc":{"start":{"line":69,"column":22},"end":{"line":73,"column":25}},"locations":[{"start":{"line":69,"column":22},"end":{"line":73,"column":25}}]},"20":{"type":"branch","line":77,"loc":{"start":{"line":77,"column":26},"end":{"line":80,"column":1}},"locations":[{"start":{"line":77,"column":26},"end":{"line":80,"column":1}}]},"21":{"type":"branch","line":82,"loc":{"start":{"line":82,"column":21},"end":{"line":85,"column":1}},"locations":[{"start":{"line":82,"column":21},"end":{"line":85,"column":1}}]},"22":{"type":"branch","line":87,"loc":{"start":{"line":87,"column":19},"end":{"line":90,"column":1}},"locations":[{"start":{"line":87,"column":19},"end":{"line":90,"column":1}}]},"23":{"type":"branch","line":92,"loc":{"start":{"line":92,"column":23},"end":{"line":100,"column":1}},"locations":[{"start":{"line":92,"column":23},"end":{"line":100,"column":1}}]},"24":{"type":"branch","line":94,"loc":{"start":{"line":94,"column":9},"end":{"line":99,"column":3}},"locations":[{"start":{"line":94,"column":9},"end":{"line":99,"column":3}}]},"25":{"type":"branch","line":95,"loc":{"start":{"line":95,"column":19},"end":{"line":97,"column":5}},"locations":[{"start":{"line":95,"column":19},"end":{"line":97,"column":5}}]}},"b":{"0":[47],"1":[2],"2":[42],"3":[0],"4":[1],"5":[1],"6":[1],"7":[1],"8":[1],"9":[7],"10":[7],"11":[1],"12":[3],"13":[1],"14":[3],"15":[4],"16":[4],"17":[2],"18":[2],"19":[1],"20":[1],"21":[1],"22":[1],"23":[1],"24":[1],"25":[0]},"fnMap":{"0":{"name":"transformParam","decl":{"start":{"line":5,"column":7},"end":{"line":16,"column":1}},"loc":{"start":{"line":5,"column":7},"end":{"line":16,"column":1}},"line":5},"1":{"name":"negated","decl":{"start":{"line":18,"column":23},"end":{"line":21,"column":1}},"loc":{"start":{"line":18,"column":23},"end":{"line":21,"column":1}},"line":18},"2":{"name":"plus","decl":{"start":{"line":23,"column":20},"end":{"line":29,"column":1}},"loc":{"start":{"line":23,"column":20},"end":{"line":29,"column":1}},"line":23},"3":{"name":"minus","decl":{"start":{"line":31,"column":21},"end":{"line":37,"column":1}},"loc":{"start":{"line":31,"column":21},"end":{"line":37,"column":1}},"line":31},"4":{"name":"multiply","decl":{"start":{"line":39,"column":24},"end":{"line":45,"column":1}},"loc":{"start":{"line":39,"column":24},"end":{"line":45,"column":1}},"line":39},"5":{"name":"min","decl":{"start":{"line":47,"column":19},"end":{"line":50,"column":1}},"loc":{"start":{"line":47,"column":19},"end":{"line":50,"column":1}},"line":47},"6":{"name":"max","decl":{"start":{"line":52,"column":19},"end":{"line":55,"column":1}},"loc":{"start":{"line":52,"column":19},"end":{"line":55,"column":1}},"line":52},"7":{"name":"equals","decl":{"start":{"line":57,"column":22},"end":{"line":63,"column":1}},"loc":{"start":{"line":57,"column":22},"end":{"line":63,"column":1}},"line":57},"8":{"name":"dividedBy","decl":{"start":{"line":65,"column":25},"end":{"line":75,"column":1}},"loc":{"start":{"line":65,"column":25},"end":{"line":75,"column":1}},"line":65},"9":{"name":"percentage","decl":{"start":{"line":77,"column":26},"end":{"line":80,"column":1}},"loc":{"start":{"line":77,"column":26},"end":{"line":80,"column":1}},"line":77},"10":{"name":"round","decl":{"start":{"line":82,"column":21},"end":{"line":85,"column":1}},"loc":{"start":{"line":82,"column":21},"end":{"line":85,"column":1}},"line":82},"11":{"name":"abs","decl":{"start":{"line":87,"column":19},"end":{"line":90,"column":1}},"loc":{"start":{"line":87,"column":19},"end":{"line":90,"column":1}},"line":87},"12":{"name":"toFixed","decl":{"start":{"line":92,"column":23},"end":{"line":100,"column":1}},"loc":{"start":{"line":92,"column":23},"end":{"line":100,"column":1}},"line":92}},"f":{"0":47,"1":1,"2":1,"3":1,"4":7,"5":1,"6":1,"7":4,"8":2,"9":1,"10":1,"11":1,"12":1}}
,"/Users/llovky/Documents/llovky/scope/cro-demo/src/utils/socket.ts": {"path":"/Users/llovky/Documents/llovky/scope/cro-demo/src/utils/socket.ts","all":false,"statementMap":{"0":{"start":{"line":1,"column":0},"end":{"line":1,"column":45}},"41":{"start":{"line":42,"column":0},"end":{"line":42,"column":27}},"42":{"start":{"line":43,"column":0},"end":{"line":43,"column":38}},"43":{"start":{"line":44,"column":0},"end":{"line":44,"column":21}},"44":{"start":{"line":45,"column":0},"end":{"line":45,"column":32}},"45":{"start":{"line":46,"column":0},"end":{"line":46,"column":28}},"46":{"start":{"line":47,"column":0},"end":{"line":47,"column":54}},"47":{"start":{"line":48,"column":0},"end":{"line":48,"column":83}},"48":{"start":{"line":49,"column":0},"end":{"line":49,"column":57}},"50":{"start":{"line":51,"column":0},"end":{"line":51,"column":63}},"51":{"start":{"line":52,"column":0},"end":{"line":52,"column":24}},"52":{"start":{"line":53,"column":0},"end":{"line":53,"column":20}},"53":{"start":{"line":54,"column":0},"end":{"line":54,"column":24}},"54":{"start":{"line":55,"column":0},"end":{"line":55,"column":30}},"55":{"start":{"line":56,"column":0},"end":{"line":56,"column":20}},"56":{"start":{"line":57,"column":0},"end":{"line":57,"column":41}},"57":{"start":{"line":58,"column":0},"end":{"line":58,"column":17}},"58":{"start":{"line":59,"column":0},"end":{"line":59,"column":5}},"60":{"start":{"line":61,"column":0},"end":{"line":61,"column":31}},"61":{"start":{"line":62,"column":0},"end":{"line":62,"column":20}},"62":{"start":{"line":63,"column":0},"end":{"line":63,"column":5}},"63":{"start":{"line":64,"column":0},"end":{"line":64,"column":3}},"68":{"start":{"line":69,"column":0},"end":{"line":69,"column":13}},"69":{"start":{"line":70,"column":0},"end":{"line":70,"column":22}},"70":{"start":{"line":71,"column":0},"end":{"line":71,"column":12}},"71":{"start":{"line":72,"column":0},"end":{"line":72,"column":5}},"74":{"start":{"line":75,"column":0},"end":{"line":75,"column":32}},"75":{"start":{"line":76,"column":0},"end":{"line":76,"column":32}},"76":{"start":{"line":77,"column":0},"end":{"line":77,"column":24}},"77":{"start":{"line":78,"column":0},"end":{"line":78,"column":44}},"78":{"start":{"line":79,"column":0},"end":{"line":79,"column":40}},"79":{"start":{"line":80,"column":0},"end":{"line":80,"column":6}},"82":{"start":{"line":83,"column":0},"end":{"line":83,"column":37}},"83":{"start":{"line":84,"column":0},"end":{"line":84,"column":29}},"84":{"start":{"line":85,"column":0},"end":{"line":85,"column":32}},"85":{"start":{"line":86,"column":0},"end":{"line":86,"column":41}},"86":{"start":{"line":87,"column":0},"end":{"line":87,"column":7}},"87":{"start":{"line":88,"column":0},"end":{"line":88,"column":6}},"90":{"start":{"line":91,"column":0},"end":{"line":91,"column":40}},"91":{"start":{"line":92,"column":0},"end":{"line":92,"column":33}},"92":{"start":{"line":93,"column":0},"end":{"line":93,"column":42}},"93":{"start":{"line":94,"column":0},"end":{"line":94,"column":7}},"94":{"start":{"line":95,"column":0},"end":{"line":95,"column":22}},"95":{"start":{"line":96,"column":0},"end":{"line":96,"column":6}},"98":{"start":{"line":99,"column":0},"end":{"line":99,"column":48}},"99":{"start":{"line":100,"column":0},"end":{"line":100,"column":33}},"100":{"start":{"line":101,"column":0},"end":{"line":101,"column":49}},"101":{"start":{"line":102,"column":0},"end":{"line":102,"column":7}},"102":{"start":{"line":103,"column":0},"end":{"line":103,"column":22}},"103":{"start":{"line":104,"column":0},"end":{"line":104,"column":6}},"106":{"start":{"line":107,"column":0},"end":{"line":107,"column":30}},"107":{"start":{"line":108,"column":0},"end":{"line":108,"column":3}},"112":{"start":{"line":113,"column":0},"end":{"line":113,"column":23}},"113":{"start":{"line":114,"column":0},"end":{"line":114,"column":8}},"114":{"start":{"line":115,"column":0},"end":{"line":115,"column":28}},"115":{"start":{"line":116,"column":0},"end":{"line":116,"column":89}},"116":{"start":{"line":117,"column":0},"end":{"line":117,"column":7}},"117":{"start":{"line":118,"column":0},"end":{"line":118,"column":12}},"118":{"start":{"line":119,"column":0},"end":{"line":119,"column":5}},"120":{"start":{"line":121,"column":0},"end":{"line":121,"column":28}},"121":{"start":{"line":122,"column":0},"end":{"line":122,"column":44}},"122":{"start":{"line":123,"column":0},"end":{"line":123,"column":32}},"124":{"start":{"line":125,"column":0},"end":{"line":125,"column":24}},"125":{"start":{"line":126,"column":0},"end":{"line":126,"column":27}},"126":{"start":{"line":127,"column":0},"end":{"line":127,"column":26}},"127":{"start":{"line":128,"column":0},"end":{"line":128,"column":7}},"129":{"start":{"line":130,"column":0},"end":{"line":130,"column":20}},"130":{"start":{"line":131,"column":0},"end":{"line":131,"column":38}},"131":{"start":{"line":132,"column":0},"end":{"line":132,"column":3}},"136":{"start":{"line":137,"column":0},"end":{"line":137,"column":11}},"137":{"start":{"line":138,"column":0},"end":{"line":138,"column":22}},"138":{"start":{"line":139,"column":0},"end":{"line":139,"column":25}},"139":{"start":{"line":140,"column":0},"end":{"line":140,"column":24}},"140":{"start":{"line":141,"column":0},"end":{"line":141,"column":5}},"142":{"start":{"line":143,"column":0},"end":{"line":143,"column":30}},"143":{"start":{"line":144,"column":0},"end":{"line":144,"column":39}},"144":{"start":{"line":145,"column":0},"end":{"line":145,"column":32}},"145":{"start":{"line":146,"column":0},"end":{"line":146,"column":5}},"147":{"start":{"line":148,"column":0},"end":{"line":148,"column":33}},"148":{"start":{"line":149,"column":0},"end":{"line":149,"column":43}},"149":{"start":{"line":150,"column":0},"end":{"line":150,"column":35}},"150":{"start":{"line":151,"column":0},"end":{"line":151,"column":5}},"151":{"start":{"line":152,"column":0},"end":{"line":152,"column":3}},"156":{"start":{"line":157,"column":0},"end":{"line":157,"column":52}},"157":{"start":{"line":158,"column":0},"end":{"line":158,"column":23}},"158":{"start":{"line":159,"column":0},"end":{"line":159,"column":38}},"159":{"start":{"line":160,"column":0},"end":{"line":160,"column":5}},"161":{"start":{"line":162,"column":0},"end":{"line":162,"column":44}},"162":{"start":{"line":163,"column":0},"end":{"line":163,"column":35}},"163":{"start":{"line":164,"column":0},"end":{"line":164,"column":57}},"164":{"start":{"line":165,"column":0},"end":{"line":165,"column":7}},"165":{"start":{"line":166,"column":0},"end":{"line":166,"column":20}},"166":{"start":{"line":167,"column":0},"end":{"line":167,"column":5}},"168":{"start":{"line":169,"column":0},"end":{"line":169,"column":42}},"171":{"start":{"line":172,"column":0},"end":{"line":172,"column":18}},"172":{"start":{"line":173,"column":0},"end":{"line":173,"column":24}},"173":{"start":{"line":174,"column":0},"end":{"line":174,"column":47}},"174":{"start":{"line":175,"column":0},"end":{"line":175,"column":7}},"175":{"start":{"line":176,"column":0},"end":{"line":176,"column":5}},"176":{"start":{"line":177,"column":0},"end":{"line":177,"column":3}},"181":{"start":{"line":182,"column":0},"end":{"line":182,"column":34}},"182":{"start":{"line":183,"column":0},"end":{"line":183,"column":23}},"184":{"start":{"line":185,"column":0},"end":{"line":185,"column":20}},"185":{"start":{"line":186,"column":0},"end":{"line":186,"column":18}},"186":{"start":{"line":187,"column":0},"end":{"line":187,"column":5}},"189":{"start":{"line":190,"column":0},"end":{"line":190,"column":40}},"190":{"start":{"line":191,"column":0},"end":{"line":191,"column":36}},"191":{"start":{"line":192,"column":0},"end":{"line":192,"column":20}},"192":{"start":{"line":193,"column":0},"end":{"line":193,"column":18}},"193":{"start":{"line":194,"column":0},"end":{"line":194,"column":8}},"194":{"start":{"line":195,"column":0},"end":{"line":195,"column":5}},"197":{"start":{"line":198,"column":0},"end":{"line":198,"column":52}},"198":{"start":{"line":199,"column":0},"end":{"line":199,"column":31}},"200":{"start":{"line":201,"column":0},"end":{"line":201,"column":15}},"201":{"start":{"line":202,"column":0},"end":{"line":202,"column":3}},"206":{"start":{"line":207,"column":0},"end":{"line":207,"column":33}},"207":{"start":{"line":208,"column":0},"end":{"line":208,"column":33}},"208":{"start":{"line":209,"column":0},"end":{"line":209,"column":12}},"209":{"start":{"line":210,"column":0},"end":{"line":210,"column":5}},"212":{"start":{"line":213,"column":0},"end":{"line":213,"column":48}},"213":{"start":{"line":214,"column":0},"end":{"line":214,"column":28}},"215":{"start":{"line":216,"column":0},"end":{"line":216,"column":56}},"217":{"start":{"line":218,"column":0},"end":{"line":218,"column":12}},"218":{"start":{"line":219,"column":0},"end":{"line":219,"column":40}},"219":{"start":{"line":220,"column":0},"end":{"line":220,"column":69}},"220":{"start":{"line":221,"column":0},"end":{"line":221,"column":11}},"222":{"start":{"line":223,"column":0},"end":{"line":223,"column":45}},"224":{"start":{"line":225,"column":0},"end":{"line":225,"column":31}},"227":{"start":{"line":228,"column":0},"end":{"line":228,"column":28}},"228":{"start":{"line":229,"column":0},"end":{"line":229,"column":41}},"229":{"start":{"line":230,"column":0},"end":{"line":230,"column":37}},"230":{"start":{"line":231,"column":0},"end":{"line":231,"column":11}},"231":{"start":{"line":232,"column":0},"end":{"line":232,"column":9}},"232":{"start":{"line":233,"column":0},"end":{"line":233,"column":8}},"233":{"start":{"line":234,"column":0},"end":{"line":234,"column":11}},"234":{"start":{"line":235,"column":0},"end":{"line":235,"column":3}},"239":{"start":{"line":240,"column":0},"end":{"line":240,"column":26}},"240":{"start":{"line":241,"column":0},"end":{"line":241,"column":35}},"241":{"start":{"line":242,"column":0},"end":{"line":242,"column":3}},"242":{"start":{"line":243,"column":0},"end":{"line":243,"column":1}},"247":{"start":{"line":248,"column":0},"end":{"line":248,"column":97}},"248":{"start":{"line":249,"column":0},"end":{"line":249,"column":45}},"249":{"start":{"line":250,"column":0},"end":{"line":250,"column":1}}},"s":{"0":1,"41":1,"42":6,"43":6,"44":6,"45":6,"46":6,"47":6,"48":6,"50":6,"51":6,"52":6,"53":6,"54":6,"55":6,"56":6,"57":6,"58":6,"60":6,"61":6,"62":6,"63":6,"68":6,"69":6,"70":0,"71":0,"74":6,"75":6,"76":6,"77":6,"78":6,"79":6,"82":6,"83":1,"84":1,"85":1,"86":1,"87":6,"90":6,"91":1,"92":1,"93":1,"94":1,"95":6,"98":6,"99":1,"100":1,"101":1,"102":1,"103":6,"106":6,"107":6,"112":6,"113":2,"114":2,"115":2,"116":2,"117":0,"118":0,"120":2,"121":2,"122":0,"124":0,"125":0,"126":0,"127":0,"129":0,"130":2,"131":2,"136":6,"137":7,"138":5,"139":5,"140":5,"142":7,"143":2,"144":2,"145":2,"147":7,"148":5,"149":5,"150":5,"151":7,"156":6,"157":1,"158":0,"159":0,"161":1,"162":0,"163":0,"164":0,"165":0,"166":0,"168":1,"171":1,"172":1,"173":1,"174":1,"175":1,"176":1,"181":6,"182":0,"184":0,"185":0,"186":0,"189":0,"190":0,"191":0,"192":0,"193":0,"194":0,"197":0,"198":0,"200":0,"201":0,"206":6,"207":6,"208":0,"209":0,"212":6,"213":0,"215":0,"217":0,"218":0,"219":0,"220":0,"222":0,"224":0,"227":0,"228":0,"229":0,"230":0,"231":0,"232":0,"233":6,"234":6,"239":6,"240":0,"241":0,"242":6,"247":1,"248":1,"249":1},"branchMap":{"0":{"type":"branch","line":42,"loc":{"start":{"line":42,"column":7},"end":{"line":243,"column":1}},"locations":[{"start":{"line":42,"column":7},"end":{"line":243,"column":1}}]},"1":{"type":"branch","line":51,"loc":{"start":{"line":51,"column":2},"end":{"line":64,"column":3}},"locations":[{"start":{"line":51,"column":2},"end":{"line":64,"column":3}}]},"2":{"type":"branch","line":69,"loc":{"start":{"line":69,"column":2},"end":{"line":108,"column":3}},"locations":[{"start":{"line":69,"column":2},"end":{"line":108,"column":3}}]},"3":{"type":"branch","line":70,"loc":{"start":{"line":70,"column":21},"end":{"line":72,"column":5}},"locations":[{"start":{"line":70,"column":21},"end":{"line":72,"column":5}}]},"4":{"type":"branch","line":83,"loc":{"start":{"line":83,"column":30},"end":{"line":88,"column":5}},"locations":[{"start":{"line":83,"column":30},"end":{"line":88,"column":5}}]},"5":{"type":"branch","line":91,"loc":{"start":{"line":91,"column":33},"end":{"line":96,"column":5}},"locations":[{"start":{"line":91,"column":33},"end":{"line":96,"column":5}}]},"6":{"type":"branch","line":99,"loc":{"start":{"line":99,"column":36},"end":{"line":104,"column":5}},"locations":[{"start":{"line":99,"column":36},"end":{"line":104,"column":5}}]},"7":{"type":"branch","line":113,"loc":{"start":{"line":113,"column":10},"end":{"line":132,"column":3}},"locations":[{"start":{"line":113,"column":10},"end":{"line":132,"column":3}}]},"8":{"type":"branch","line":117,"loc":{"start":{"line":117,"column":6},"end":{"line":119,"column":5}},"locations":[{"start":{"line":117,"column":6},"end":{"line":119,"column":5}}]},"9":{"type":"branch","line":137,"loc":{"start":{"line":137,"column":2},"end":{"line":152,"column":3}},"locations":[{"start":{"line":137,"column":2},"end":{"line":152,"column":3}}]},"10":{"type":"branch","line":138,"loc":{"start":{"line":138,"column":21},"end":{"line":141,"column":5}},"locations":[{"start":{"line":138,"column":21},"end":{"line":141,"column":5}}]},"11":{"type":"branch","line":143,"loc":{"start":{"line":143,"column":29},"end":{"line":146,"column":5}},"locations":[{"start":{"line":143,"column":29},"end":{"line":146,"column":5}}]},"12":{"type":"branch","line":148,"loc":{"start":{"line":148,"column":32},"end":{"line":151,"column":5}},"locations":[{"start":{"line":148,"column":32},"end":{"line":151,"column":5}}]},"13":{"type":"branch","line":157,"loc":{"start":{"line":157,"column":2},"end":{"line":177,"column":3}},"locations":[{"start":{"line":157,"column":2},"end":{"line":177,"column":3}}]},"14":{"type":"branch","line":158,"loc":{"start":{"line":158,"column":22},"end":{"line":160,"column":5}},"locations":[{"start":{"line":158,"column":22},"end":{"line":160,"column":5}}]},"15":{"type":"branch","line":172,"loc":{"start":{"line":172,"column":11},"end":{"line":176,"column":5}},"locations":[{"start":{"line":172,"column":11},"end":{"line":176,"column":5}}]},"16":{"type":"branch","line":207,"loc":{"start":{"line":207,"column":10},"end":{"line":235,"column":3}},"locations":[{"start":{"line":207,"column":10},"end":{"line":235,"column":3}}]},"17":{"type":"branch","line":208,"loc":{"start":{"line":208,"column":32},"end":{"line":210,"column":5}},"locations":[{"start":{"line":208,"column":32},"end":{"line":210,"column":5}}]},"18":{"type":"branch","line":248,"loc":{"start":{"line":248,"column":34},"end":{"line":250,"column":1}},"locations":[{"start":{"line":248,"column":34},"end":{"line":250,"column":1}}]}},"b":{"0":[6],"1":[6],"2":[6],"3":[0],"4":[1],"5":[1],"6":[1],"7":[2],"8":[0],"9":[7],"10":[5],"11":[2],"12":[5],"13":[1],"14":[0],"15":[1],"16":[6],"17":[0],"18":[1]},"fnMap":{"0":{"name":"<instance_members_initializer>","decl":{"start":{"line":42,"column":7},"end":{"line":243,"column":1}},"loc":{"start":{"line":42,"column":7},"end":{"line":243,"column":1}},"line":42},"1":{"name":"SocketClient","decl":{"start":{"line":51,"column":2},"end":{"line":64,"column":3}},"loc":{"start":{"line":51,"column":2},"end":{"line":64,"column":3}},"line":51},"2":{"name":"connect","decl":{"start":{"line":69,"column":2},"end":{"line":108,"column":3}},"loc":{"start":{"line":69,"column":2},"end":{"line":108,"column":3}},"line":69},"3":{"name":"reconnect","decl":{"start":{"line":113,"column":10},"end":{"line":132,"column":3}},"loc":{"start":{"line":113,"column":10},"end":{"line":132,"column":3}},"line":113},"4":{"name":"close","decl":{"start":{"line":137,"column":2},"end":{"line":152,"column":3}},"loc":{"start":{"line":137,"column":2},"end":{"line":152,"column":3}},"line":137},"5":{"name":"on","decl":{"start":{"line":157,"column":2},"end":{"line":177,"column":3}},"loc":{"start":{"line":157,"column":2},"end":{"line":177,"column":3}},"line":157},"6":{"name":"wrappedCallback","decl":{"start":{"line":162,"column":28},"end":{"line":167,"column":5}},"loc":{"start":{"line":162,"column":28},"end":{"line":167,"column":5}},"line":162},"7":{"name":"emit","decl":{"start":{"line":182,"column":2},"end":{"line":202,"column":3}},"loc":{"start":{"line":182,"column":2},"end":{"line":202,"column":3}},"line":182},"8":{"name":"startQueueProcessor","decl":{"start":{"line":207,"column":10},"end":{"line":235,"column":3}},"loc":{"start":{"line":207,"column":10},"end":{"line":235,"column":3}},"line":207},"9":{"name":"isConnected","decl":{"start":{"line":240,"column":2},"end":{"line":242,"column":3}},"loc":{"start":{"line":240,"column":2},"end":{"line":242,"column":3}},"line":240},"10":{"name":"createSocketClient","decl":{"start":{"line":248,"column":34},"end":{"line":250,"column":1}},"loc":{"start":{"line":248,"column":34},"end":{"line":250,"column":1}},"line":248}},"f":{"0":6,"1":6,"2":6,"3":2,"4":7,"5":1,"6":0,"7":0,"8":6,"9":0,"10":1}}
}
